2025-02-11 15:45:18,318 - workout_processor - INFO - Starting workout video processing: /Users/andyvarner/Documents/dev/projects/anna/data/video/IMG_0095.MOV
2025-02-11 15:45:18,318 - workout_processor - INFO - Extracting audio from /Users/andyvarner/Documents/dev/projects/anna/data/video/IMG_0095.MOV
2025-02-11 15:45:21,574 - workout_processor - INFO - Audio saved to temp/audio.wav
2025-02-11 15:45:21,575 - workout_processor - INFO - Transcribing audio from temp/audio.wav
2025-02-11 15:46:06,708 - workout_processor - INFO - Transcription text saved to temp/transcript.txt
2025-02-11 15:46:06,724 - workout_processor - INFO - Model result saved to temp/transcript.json
2025-02-11 15:46:38,114 - workout_processor - INFO - Starting workout video processing: /Users/andyvarner/Documents/dev/projects/anna/data/video/IMG_0095.MOV
2025-02-11 15:46:38,114 - workout_processor - INFO - Extracting audio from /Users/andyvarner/Documents/dev/projects/anna/data/video/IMG_0095.MOV
2025-02-11 15:46:41,280 - workout_processor - INFO - Audio saved to temp/audio.wav
2025-02-11 15:46:41,280 - workout_processor - INFO - Loading existing transcription from temp/transcript.json
2025-02-11 15:46:41,418 - workout_processor - INFO - Found 2 segments for 'arm swings'
2025-02-11 15:46:41,418 - workout_processor - INFO - Found 4 segments for 'chair squats'
2025-02-11 15:46:41,418 - workout_processor - INFO - Found 7 segments for 'roll down and roll up'
2025-02-11 15:46:41,418 - workout_processor - INFO - Found 3 segments for 'goblet squat'
2025-02-11 15:46:41,418 - workout_processor - INFO - Found 3 segments for 'chest press'
2025-02-11 15:46:41,418 - workout_processor - INFO - Found 4 segments for 'underhand row'
2025-02-11 15:46:41,418 - workout_processor - INFO - Found 1 segments for 'farmer's carry'
2025-02-11 15:46:41,418 - workout_processor - INFO - Generating GIFs from /Users/andyvarner/Documents/dev/projects/anna/data/video/IMG_0095.MOV
2025-02-11 15:46:41,520 - workout_processor - INFO - Creating GIF: 01_arm_swings_01.gif
2025-02-11 16:27:31,084 - workout_processor - INFO - Starting workout video processing: /Users/andyvarner/Documents/dev/projects/anna/data/video/IMG_0095.MOV
2025-02-11 16:27:31,084 - workout_processor - INFO - Extracting audio from /Users/andyvarner/Documents/dev/projects/anna/data/video/IMG_0095.MOV
2025-02-11 16:27:33,944 - workout_processor - INFO - Audio saved to temp/audio.wav
2025-02-11 16:27:33,944 - workout_processor - INFO - Loading existing transcription from temp/transcript.json
2025-02-11 16:27:34,169 - workout_processor - INFO - Found 2 segments for 'arm swings'
2025-02-11 16:27:34,169 - workout_processor - INFO - Found 4 segments for 'chair squats'
2025-02-11 16:27:34,169 - workout_processor - INFO - Found 7 segments for 'roll down and roll up'
2025-02-11 16:27:34,169 - workout_processor - INFO - Found 3 segments for 'goblet squat'
2025-02-11 16:27:34,169 - workout_processor - INFO - Found 3 segments for 'chest press'
2025-02-11 16:27:34,169 - workout_processor - INFO - Found 4 segments for 'underhand row'
2025-02-11 16:27:34,169 - workout_processor - INFO - Found 1 segments for 'farmer's carry'
2025-02-11 16:27:34,169 - workout_processor - INFO - Generating GIFs from /Users/andyvarner/Documents/dev/projects/anna/data/video/IMG_0095.MOV
2025-02-11 16:27:34,267 - workout_processor - INFO - Creating GIF: 01_arm_swings_01.gif
2025-02-11 16:27:40,995 - workout_processor - INFO - Creating GIF: 01_arm_swings_02.gif
2025-02-11 16:27:49,315 - workout_processor - INFO - GIF generation completed
2025-02-11 17:07:35,467 - workout_processor - INFO - Starting workout video processing: temp/uploads/430dfe84-f017-45dd-8ccc-d7ebc7057f0e.MOV
2025-02-11 17:07:35,468 - workout_processor - INFO - Extracting audio from temp/uploads/430dfe84-f017-45dd-8ccc-d7ebc7057f0e.MOV
2025-02-11 17:07:38,277 - workout_processor - INFO - Audio saved to temp/audio.wav
2025-02-11 17:07:38,278 - workout_processor - INFO - Loading existing transcription from temp/transcript.json
2025-02-11 17:07:38,510 - workout_processor - INFO - Found 2 segments for 'arm swings'
2025-02-11 17:07:38,510 - workout_processor - INFO - Found 4 segments for 'chair squats'
2025-02-11 17:07:38,510 - workout_processor - INFO - Found 7 segments for 'roll down and roll up'
2025-02-11 17:07:38,510 - workout_processor - INFO - Found 3 segments for 'goblet squat'
2025-02-11 17:07:38,510 - workout_processor - INFO - Found 3 segments for 'chest press'
2025-02-11 17:07:38,510 - workout_processor - INFO - Found 4 segments for 'underhand row'
2025-02-11 17:07:38,510 - workout_processor - INFO - Found 1 segments for 'farmer's carry'
2025-02-11 17:07:38,510 - workout_processor - INFO - Generating GIFs from temp/uploads/430dfe84-f017-45dd-8ccc-d7ebc7057f0e.MOV
2025-02-11 17:07:38,607 - workout_processor - INFO - Creating GIF: 01_arm_swings_01.gif
2025-02-11 17:07:44,859 - workout_processor - INFO - Creating GIF: 01_arm_swings_02.gif
2025-02-11 17:07:53,336 - workout_processor - INFO - Creating GIF: 02_chair_squats_01.gif
2025-02-11 17:08:02,322 - workout_processor - INFO - Creating GIF: 02_chair_squats_02.gif
2025-02-11 17:08:10,243 - workout_processor - INFO - Creating GIF: 02_chair_squats_03.gif
2025-02-11 17:08:16,314 - workout_processor - INFO - Creating GIF: 02_chair_squats_04.gif
2025-02-11 17:08:22,762 - workout_processor - INFO - Creating GIF: 03_roll_down_and_roll_up_01.gif
2025-02-11 17:08:28,537 - workout_processor - INFO - Creating GIF: 03_roll_down_and_roll_up_02.gif
2025-02-11 17:08:36,919 - workout_processor - INFO - Creating GIF: 03_roll_down_and_roll_up_03.gif
2025-02-11 17:08:46,767 - workout_processor - INFO - Creating GIF: 03_roll_down_and_roll_up_04.gif
2025-02-11 17:08:56,471 - workout_processor - INFO - Creating GIF: 03_roll_down_and_roll_up_05.gif
2025-02-11 17:09:07,500 - workout_processor - INFO - Creating GIF: 03_roll_down_and_roll_up_06.gif
2025-02-11 17:09:12,926 - workout_processor - INFO - Creating GIF: 03_roll_down_and_roll_up_07.gif
2025-02-11 17:09:23,645 - workout_processor - INFO - Creating GIF: 04_goblet_squat_01.gif
2025-02-11 17:09:30,576 - workout_processor - INFO - Creating GIF: 04_goblet_squat_02.gif
2025-02-11 17:09:40,559 - workout_processor - INFO - Creating GIF: 04_goblet_squat_03.gif
2025-02-11 17:09:49,947 - workout_processor - INFO - Creating GIF: 05_chest_press_01.gif
2025-02-11 17:09:56,872 - workout_processor - INFO - Creating GIF: 05_chest_press_02.gif
2025-02-11 17:10:03,736 - workout_processor - INFO - Creating GIF: 05_chest_press_03.gif
2025-02-11 17:10:16,256 - workout_processor - INFO - Creating GIF: 06_underhand_row_01.gif
2025-02-11 17:10:24,501 - workout_processor - INFO - Creating GIF: 06_underhand_row_02.gif
2025-02-11 17:10:37,986 - workout_processor - INFO - Creating GIF: 06_underhand_row_03.gif
2025-02-11 17:10:52,708 - workout_processor - INFO - Creating GIF: 06_underhand_row_04.gif
2025-02-11 17:11:01,737 - workout_processor - INFO - Creating GIF: 07_farmer's_carry_01.gif
2025-02-11 17:11:14,934 - workout_processor - INFO - GIF generation completed
2025-02-11 17:14:27,439 - workout_processor - INFO - Starting workout video processing: temp/uploads/b3c84cd7-847f-4a95-96c2-f3fe851dd0b6.MOV
2025-02-11 17:14:27,440 - workout_processor - INFO - Extracting audio from temp/uploads/b3c84cd7-847f-4a95-96c2-f3fe851dd0b6.MOV
2025-02-11 17:14:30,256 - workout_processor - INFO - Audio saved to temp/audio.wav
2025-02-11 17:14:30,256 - workout_processor - INFO - Loading existing transcription from temp/transcript.json
2025-02-11 17:14:30,327 - workout_processor - INFO - Found 2 segments for 'arm swings'
2025-02-11 17:14:30,327 - workout_processor - INFO - Found 4 segments for 'chair squats'
2025-02-11 17:14:30,327 - workout_processor - INFO - Generating GIFs from temp/uploads/b3c84cd7-847f-4a95-96c2-f3fe851dd0b6.MOV
2025-02-11 17:14:30,430 - workout_processor - INFO - Creating GIF: 01_arm_swings_01.gif
2025-02-11 17:14:36,796 - workout_processor - INFO - Creating GIF: 01_arm_swings_02.gif
2025-02-11 17:14:45,447 - workout_processor - INFO - Creating GIF: 02_chair_squats_01.gif
2025-02-11 17:14:54,552 - workout_processor - INFO - Creating GIF: 02_chair_squats_02.gif
2025-02-11 17:15:02,589 - workout_processor - INFO - Creating GIF: 02_chair_squats_03.gif
2025-02-11 17:15:08,720 - workout_processor - INFO - Creating GIF: 02_chair_squats_04.gif
2025-02-11 17:15:15,250 - workout_processor - INFO - GIF generation completed
2025-02-11 17:19:41,370 - workout_processor - INFO - Starting workout video processing: temp/uploads/8c70ea3c-3d00-4c20-b4ca-05d4c807c4f5.MOV
2025-02-11 17:19:41,370 - workout_processor - INFO - Extracting audio from temp/uploads/8c70ea3c-3d00-4c20-b4ca-05d4c807c4f5.MOV
2025-02-11 17:19:44,849 - workout_processor - INFO - Audio saved to temp/audio.wav
2025-02-11 17:19:44,849 - workout_processor - INFO - Loading existing transcription from temp/transcript.json
2025-02-11 17:19:44,920 - workout_processor - INFO - Found 2 segments for 'arm swings'
2025-02-11 17:19:44,920 - workout_processor - INFO - Found 3 segments for 'goblet squat'
2025-02-11 17:19:44,920 - workout_processor - INFO - Generating GIFs from temp/uploads/8c70ea3c-3d00-4c20-b4ca-05d4c807c4f5.MOV
2025-02-11 17:19:45,097 - workout_processor - INFO - Creating GIF: 01_arm_swings_01.gif
2025-02-11 17:19:51,528 - workout_processor - INFO - Creating GIF: 01_arm_swings_02.gif
2025-02-11 17:20:00,254 - workout_processor - INFO - Creating GIF: 02_goblet_squat_01.gif
2025-02-11 17:20:07,134 - workout_processor - INFO - Creating GIF: 02_goblet_squat_02.gif
2025-02-11 17:20:17,065 - workout_processor - INFO - Creating GIF: 02_goblet_squat_03.gif
2025-02-11 17:20:26,270 - workout_processor - INFO - GIF generation completed
2025-02-11 17:23:23,887 - workout_processor - INFO - Starting workout video processing: temp/uploads/dd630bc1-9898-4047-a3a7-6aa4d50012e1.MOV
2025-02-11 17:23:23,887 - workout_processor - INFO - Extracting audio from temp/uploads/dd630bc1-9898-4047-a3a7-6aa4d50012e1.MOV
2025-02-11 17:23:27,352 - workout_processor - INFO - Audio saved to temp/audio.wav
2025-02-11 17:23:27,352 - workout_processor - INFO - Loading existing transcription from temp/transcript.json
2025-02-11 17:23:27,425 - workout_processor - INFO - Found 2 segments for 'arm swings'
2025-02-11 17:23:27,425 - workout_processor - INFO - Found 3 segments for 'goblet squat'
2025-02-11 17:23:27,425 - workout_processor - INFO - Generating GIFs from temp/uploads/dd630bc1-9898-4047-a3a7-6aa4d50012e1.MOV
2025-02-11 17:23:27,600 - workout_processor - INFO - Creating GIF: 01_arm_swings_01.gif
2025-02-11 17:23:34,059 - workout_processor - INFO - Creating GIF: 01_arm_swings_02.gif
2025-02-11 17:23:42,737 - workout_processor - INFO - Creating GIF: 02_goblet_squat_01.gif
2025-02-11 17:23:49,605 - workout_processor - INFO - Creating GIF: 02_goblet_squat_02.gif
2025-02-11 17:23:59,433 - workout_processor - INFO - Creating GIF: 02_goblet_squat_03.gif
2025-02-11 17:24:08,568 - workout_processor - INFO - GIF generation completed
2025-02-11 17:25:59,987 - workout_processor - INFO - Starting workout video processing: temp/uploads/5e14fd46-4d1c-4cf1-b642-40147a3ab5ed.MOV
2025-02-11 17:25:59,987 - workout_processor - INFO - Extracting audio from temp/uploads/5e14fd46-4d1c-4cf1-b642-40147a3ab5ed.MOV
2025-02-11 17:26:02,741 - workout_processor - INFO - Audio saved to temp/audio.wav
2025-02-11 17:26:02,741 - workout_processor - INFO - Loading existing transcription from temp/transcript.json
2025-02-11 17:26:02,812 - workout_processor - INFO - Found 2 segments for 'arm swings'
2025-02-11 17:26:02,812 - workout_processor - INFO - Found 3 segments for 'goblet squat'
2025-02-11 17:26:02,812 - workout_processor - INFO - Generating GIFs from temp/uploads/5e14fd46-4d1c-4cf1-b642-40147a3ab5ed.MOV
2025-02-11 17:26:02,911 - workout_processor - INFO - Creating GIF: 01_arm_swings_01.gif
2025-02-11 17:26:09,308 - workout_processor - INFO - Creating GIF: 01_arm_swings_02.gif
2025-02-11 17:26:17,983 - workout_processor - INFO - Creating GIF: 02_goblet_squat_01.gif
2025-02-11 17:26:24,795 - workout_processor - INFO - Creating GIF: 02_goblet_squat_02.gif
2025-02-11 17:26:34,581 - workout_processor - INFO - Creating GIF: 02_goblet_squat_03.gif
2025-02-11 17:26:43,691 - workout_processor - INFO - GIF generation completed
2025-02-11 17:35:39,991 - workout_processor - INFO - Starting workout video processing: temp/uploads/de8086b3-c93b-4384-b5eb-afcd9abf2a11.MOV
2025-02-11 17:35:39,992 - workout_processor - INFO - Extracting audio from temp/uploads/de8086b3-c93b-4384-b5eb-afcd9abf2a11.MOV
2025-02-11 17:35:42,773 - workout_processor - INFO - Audio saved to temp/audio.wav
2025-02-11 17:35:42,773 - workout_processor - INFO - Loading existing transcription from temp/transcript.json
2025-02-11 17:35:42,844 - workout_processor - INFO - Found 2 segments for 'arm swings'
2025-02-11 17:35:42,844 - workout_processor - INFO - Found 3 segments for 'goblet squats'
2025-02-11 17:35:42,844 - workout_processor - INFO - Generating GIFs from temp/uploads/de8086b3-c93b-4384-b5eb-afcd9abf2a11.MOV
2025-02-11 17:35:42,942 - workout_processor - INFO - Creating GIF: 01_arm_swings_01.gif
2025-02-11 17:35:49,309 - workout_processor - INFO - Creating GIF: 01_arm_swings_02.gif
2025-02-11 17:35:57,975 - workout_processor - INFO - Creating GIF: 02_goblet_squats_01.gif
2025-02-11 17:36:04,811 - workout_processor - INFO - Creating GIF: 02_goblet_squats_02.gif
2025-02-11 17:36:14,578 - workout_processor - INFO - Creating GIF: 02_goblet_squats_03.gif
2025-02-11 17:36:23,715 - workout_processor - INFO - GIF generation completed
2025-02-11 17:37:06,237 - workout_processor - INFO - Starting workout video processing: temp/uploads/79654159-f828-4be4-84e9-2bde6f152a15.MOV
2025-02-11 17:37:06,237 - workout_processor - INFO - Extracting audio from temp/uploads/79654159-f828-4be4-84e9-2bde6f152a15.MOV
2025-02-11 17:37:09,798 - workout_processor - INFO - Audio saved to temp/audio.wav
2025-02-11 17:37:09,798 - workout_processor - INFO - Loading existing transcription from temp/transcript.json
2025-02-11 17:37:09,871 - workout_processor - INFO - Found 2 segments for 'arm swings'
2025-02-11 17:37:09,871 - workout_processor - INFO - Found 3 segments for 'goblet squats'
2025-02-11 17:37:09,871 - workout_processor - INFO - Generating GIFs from temp/uploads/79654159-f828-4be4-84e9-2bde6f152a15.MOV
2025-02-11 17:37:10,065 - workout_processor - INFO - Creating GIF: 01_arm_swings_01.gif
2025-02-11 17:37:16,551 - workout_processor - INFO - Creating GIF: 01_arm_swings_02.gif
2025-02-11 17:37:25,352 - workout_processor - INFO - Creating GIF: 02_goblet_squats_01.gif
2025-02-11 17:37:32,308 - workout_processor - INFO - Creating GIF: 02_goblet_squats_02.gif
2025-02-11 17:37:42,205 - workout_processor - INFO - Creating GIF: 02_goblet_squats_03.gif
2025-02-11 17:37:51,404 - workout_processor - INFO - GIF generation completed
2025-02-11 17:39:33,737 - workout_processor - INFO - Starting workout video processing: temp/uploads/00c95f34-bf2a-4376-bda7-36f63c2420aa.MOV
2025-02-11 17:39:33,737 - workout_processor - INFO - Extracting audio from temp/uploads/00c95f34-bf2a-4376-bda7-36f63c2420aa.MOV
2025-02-11 17:39:37,145 - workout_processor - INFO - Audio saved to temp/audio.wav
2025-02-11 17:39:37,146 - workout_processor - INFO - Loading existing transcription from temp/transcript.json
2025-02-11 17:39:37,220 - workout_processor - INFO - Found 2 segments for 'arm swings'
2025-02-11 17:39:37,220 - workout_processor - INFO - Found 3 segments for 'goblet squats'
2025-02-11 17:39:37,220 - workout_processor - INFO - Generating GIFs from temp/uploads/00c95f34-bf2a-4376-bda7-36f63c2420aa.MOV
2025-02-11 17:39:37,406 - workout_processor - INFO - Creating GIF: 01_arm_swings_01.gif
2025-02-11 17:39:43,935 - workout_processor - INFO - Creating GIF: 01_arm_swings_02.gif
2025-02-11 17:39:52,709 - workout_processor - INFO - Creating GIF: 02_goblet_squats_01.gif
2025-02-11 17:39:59,674 - workout_processor - INFO - Creating GIF: 02_goblet_squats_02.gif
2025-02-11 17:40:09,717 - workout_processor - INFO - Creating GIF: 02_goblet_squats_03.gif
2025-02-11 17:40:18,995 - workout_processor - INFO - GIF generation completed
2025-02-11 17:41:33,107 - workout_processor - INFO - Starting workout video processing: temp/uploads/68815ba7-53ec-4a33-adef-475b86c6ae74.MOV
2025-02-11 17:41:33,107 - workout_processor - INFO - Extracting audio from temp/uploads/68815ba7-53ec-4a33-adef-475b86c6ae74.MOV
2025-02-11 17:41:35,856 - workout_processor - INFO - Audio saved to temp/audio.wav
2025-02-11 17:41:35,856 - workout_processor - INFO - Loading existing transcription from temp/transcript.json
2025-02-11 17:41:35,928 - workout_processor - INFO - Found 2 segments for 'arm swings'
2025-02-11 17:41:35,928 - workout_processor - INFO - Found 3 segments for 'goblet squats'
2025-02-11 17:41:35,928 - workout_processor - INFO - Generating GIFs from temp/uploads/68815ba7-53ec-4a33-adef-475b86c6ae74.MOV
2025-02-11 17:41:36,027 - workout_processor - INFO - Creating GIF: 01_arm_swings_01.gif
2025-02-11 17:41:42,474 - workout_processor - INFO - Creating GIF: 01_arm_swings_02.gif
2025-02-11 17:41:51,245 - workout_processor - INFO - Creating GIF: 02_goblet_squats_01.gif
2025-02-11 17:41:58,095 - workout_processor - INFO - Creating GIF: 02_goblet_squats_02.gif
2025-02-11 17:42:07,920 - workout_processor - INFO - Creating GIF: 02_goblet_squats_03.gif
2025-02-11 17:42:17,043 - workout_processor - INFO - GIF generation completed
2025-02-11 17:47:01,019 - workout_processor - INFO - Starting workout video processing: temp/uploads/61e8659d-9bab-4646-b33e-58d66e6b2816.MOV
2025-02-11 17:47:01,019 - workout_processor - INFO - Extracting audio from temp/uploads/61e8659d-9bab-4646-b33e-58d66e6b2816.MOV
2025-02-11 17:47:04,407 - workout_processor - INFO - Audio saved to temp/audio.wav
2025-02-11 17:47:04,407 - workout_processor - INFO - Loading existing transcription from temp/transcript.json
2025-02-11 17:47:04,478 - workout_processor - INFO - Found 2 segments for 'arm swings'
2025-02-11 17:47:04,478 - workout_processor - INFO - Found 3 segments for 'goblet squats'
2025-02-11 17:47:04,478 - workout_processor - INFO - Generating GIFs from temp/uploads/61e8659d-9bab-4646-b33e-58d66e6b2816.MOV
2025-02-11 17:47:04,642 - workout_processor - INFO - Creating GIF: 01_arm_swings_01.gif
2025-02-11 17:47:11,077 - workout_processor - INFO - Creating GIF: 01_arm_swings_02.gif
2025-02-11 17:47:19,799 - workout_processor - INFO - Creating GIF: 02_goblet_squats_01.gif
2025-02-11 17:47:26,639 - workout_processor - INFO - Creating GIF: 02_goblet_squats_02.gif
2025-02-11 17:47:36,443 - workout_processor - INFO - Creating GIF: 02_goblet_squats_03.gif
2025-02-11 17:47:45,585 - workout_processor - INFO - GIF generation completed
2025-02-12 10:12:27,548 - workout_processor - INFO - Starting workout video processing: temp/uploads/0d62c702-9bfe-4200-a6c3-e30d224932af.MOV
2025-02-12 10:12:27,548 - workout_processor - INFO - Extracting audio from temp/uploads/0d62c702-9bfe-4200-a6c3-e30d224932af.MOV
2025-02-12 10:12:30,336 - workout_processor - INFO - Audio saved to temp/audio.wav
2025-02-12 10:12:30,337 - workout_processor - INFO - Loading existing transcription from temp/transcript.json
2025-02-12 10:12:30,407 - workout_processor - INFO - Found 2 segments for 'arm swings'
2025-02-12 10:12:30,407 - workout_processor - INFO - Found 3 segments for 'goblet squats'
2025-02-12 10:12:30,407 - workout_processor - INFO - Generating GIFs from temp/uploads/0d62c702-9bfe-4200-a6c3-e30d224932af.MOV
2025-02-12 10:12:30,505 - workout_processor - INFO - Creating GIF: 01_arm_swings_01.gif
2025-02-12 10:12:36,840 - workout_processor - INFO - Creating GIF: 01_arm_swings_02.gif
2025-02-12 10:12:45,474 - workout_processor - INFO - Creating GIF: 02_goblet_squats_01.gif
2025-02-12 10:12:52,289 - workout_processor - INFO - Creating GIF: 02_goblet_squats_02.gif
2025-02-12 10:13:02,044 - workout_processor - INFO - Creating GIF: 02_goblet_squats_03.gif
2025-02-12 10:13:11,112 - workout_processor - INFO - GIF generation completed
2025-02-12 10:16:05,149 - workout_processor - INFO - Starting workout video processing: temp/uploads/a6136ead-8911-4be0-82e9-80ca4ae9e5c5.MOV
2025-02-12 10:16:05,149 - workout_processor - INFO - Extracting audio from temp/uploads/a6136ead-8911-4be0-82e9-80ca4ae9e5c5.MOV
2025-02-12 10:16:07,933 - workout_processor - INFO - Audio saved to temp/audio.wav
2025-02-12 10:16:07,933 - workout_processor - INFO - Loading existing transcription from temp/transcript.json
2025-02-12 10:16:08,004 - workout_processor - INFO - Found 2 segments for 'arm swings'
2025-02-12 10:16:08,004 - workout_processor - INFO - Found 3 segments for 'goblet squats'
2025-02-12 10:16:08,004 - workout_processor - INFO - Generating GIFs from temp/uploads/a6136ead-8911-4be0-82e9-80ca4ae9e5c5.MOV
2025-02-12 10:16:08,103 - workout_processor - INFO - Creating GIF: 01_arm_swings_01.gif
2025-02-12 10:16:14,539 - workout_processor - INFO - Creating GIF: 01_arm_swings_02.gif
2025-02-12 10:16:23,319 - workout_processor - INFO - Creating GIF: 02_goblet_squats_01.gif
2025-02-12 10:16:30,142 - workout_processor - INFO - Creating GIF: 02_goblet_squats_02.gif
2025-02-12 10:16:39,966 - workout_processor - INFO - Creating GIF: 02_goblet_squats_03.gif
2025-02-12 10:16:49,171 - workout_processor - INFO - GIF generation completed
2025-02-12 10:22:23,539 - workout_processor - INFO - Starting workout video processing: temp/uploads/39f74814-c8c6-4b22-8ea5-63cbe94280e9.MOV
2025-02-12 10:22:23,540 - workout_processor - INFO - Extracting audio from temp/uploads/39f74814-c8c6-4b22-8ea5-63cbe94280e9.MOV
2025-02-12 10:22:26,342 - workout_processor - INFO - Audio saved to temp/audio.wav
2025-02-12 10:22:26,342 - workout_processor - INFO - Loading existing transcription from temp/transcript.json
2025-02-12 10:22:26,414 - workout_processor - INFO - Found 2 segments for 'arm swings'
2025-02-12 10:22:26,414 - workout_processor - INFO - Found 3 segments for 'goblet squats'
2025-02-12 10:22:26,414 - workout_processor - INFO - Generating GIFs from temp/uploads/39f74814-c8c6-4b22-8ea5-63cbe94280e9.MOV
2025-02-12 10:22:26,515 - workout_processor - INFO - Creating GIF: 01_arm_swings_01.gif
2025-02-12 10:22:32,935 - workout_processor - INFO - Creating GIF: 01_arm_swings_02.gif
2025-02-12 10:22:41,626 - workout_processor - INFO - Creating GIF: 02_goblet_squats_01.gif
2025-02-12 10:22:48,437 - workout_processor - INFO - Creating GIF: 02_goblet_squats_02.gif
2025-02-12 10:22:58,248 - workout_processor - INFO - Creating GIF: 02_goblet_squats_03.gif
2025-02-12 10:23:07,372 - workout_processor - INFO - GIF generation completed
2025-02-12 10:26:01,216 - workout_processor - INFO - Starting workout video processing: temp/uploads/80a14c71-995a-4f69-8bde-c41ceb36438a.MOV
2025-02-12 10:26:01,216 - workout_processor - INFO - Extracting audio from temp/uploads/80a14c71-995a-4f69-8bde-c41ceb36438a.MOV
2025-02-12 10:26:03,967 - workout_processor - INFO - Audio saved to temp/audio.wav
2025-02-12 10:26:03,967 - workout_processor - INFO - Loading existing transcription from temp/transcript.json
2025-02-12 10:26:04,038 - workout_processor - INFO - Found 2 segments for 'arm swings'
2025-02-12 10:26:04,038 - workout_processor - INFO - Found 3 segments for 'goblet squats'
2025-02-12 10:26:04,039 - workout_processor - INFO - Generating GIFs from temp/uploads/80a14c71-995a-4f69-8bde-c41ceb36438a.MOV
2025-02-12 10:26:04,138 - workout_processor - INFO - Creating GIF: 01_arm_swings_01.gif
2025-02-12 10:26:10,552 - workout_processor - INFO - Creating GIF: 01_arm_swings_02.gif
2025-02-12 10:26:19,238 - workout_processor - INFO - Creating GIF: 02_goblet_squats_01.gif
2025-02-12 10:26:26,072 - workout_processor - INFO - Creating GIF: 02_goblet_squats_02.gif
2025-02-12 10:26:35,842 - workout_processor - INFO - Creating GIF: 02_goblet_squats_03.gif
2025-02-12 10:26:44,950 - workout_processor - INFO - GIF generation completed
2025-02-12 10:32:38,035 - workout_processor - INFO - Starting workout video processing: temp/uploads/ce13733d-f3bf-4f4a-a448-26335c7b27a2.MOV
2025-02-12 10:32:38,035 - workout_processor - INFO - Extracting audio from temp/uploads/ce13733d-f3bf-4f4a-a448-26335c7b27a2.MOV
2025-02-12 10:32:40,821 - workout_processor - INFO - Audio saved to temp/audio.wav
2025-02-12 10:32:40,821 - workout_processor - INFO - Loading existing transcription from temp/transcript.json
2025-02-12 10:32:40,894 - workout_processor - INFO - Found 2 segments for 'arm swings'
2025-02-12 10:32:40,894 - workout_processor - INFO - Found 3 segments for 'goblet squats'
2025-02-12 10:32:40,894 - workout_processor - INFO - Generating GIFs from temp/uploads/ce13733d-f3bf-4f4a-a448-26335c7b27a2.MOV
2025-02-12 10:32:40,996 - workout_processor - INFO - Creating GIF: 01_arm_swings_01.gif
2025-02-12 10:32:47,382 - workout_processor - INFO - Creating GIF: 01_arm_swings_02.gif
2025-02-12 10:32:56,052 - workout_processor - INFO - Creating GIF: 02_goblet_squats_01.gif
2025-02-12 10:33:02,879 - workout_processor - INFO - Creating GIF: 02_goblet_squats_02.gif
2025-02-12 10:33:12,690 - workout_processor - INFO - Creating GIF: 02_goblet_squats_03.gif
2025-02-12 10:33:21,798 - workout_processor - INFO - GIF generation completed
2025-02-12 10:33:46,336 - workout_processor - ERROR - Failed to create zip file: 'tuple' object has no attribute 'url'
2025-02-12 10:33:50,482 - workout_processor - ERROR - Failed to create zip file: 'tuple' object has no attribute 'url'
2025-02-12 12:14:12,804 - workout_processor - INFO - Starting workout video processing: temp/uploads/c238c505-e963-4b9a-8d0c-0e114962f50c.MOV
2025-02-12 12:14:12,804 - workout_processor - INFO - Extracting audio from temp/uploads/c238c505-e963-4b9a-8d0c-0e114962f50c.MOV
2025-02-12 12:14:15,566 - workout_processor - INFO - Audio saved to temp/audio.wav
2025-02-12 12:14:15,566 - workout_processor - INFO - Loading existing transcription from temp/transcript.json
2025-02-12 12:14:15,633 - workout_processor - INFO - Found 2 segments for 'arm swings'
2025-02-12 12:14:15,633 - workout_processor - INFO - Found 3 segments for 'goblet squat'
2025-02-12 12:14:15,633 - workout_processor - INFO - Generating GIFs from temp/uploads/c238c505-e963-4b9a-8d0c-0e114962f50c.MOV
2025-02-12 12:14:15,732 - workout_processor - INFO - Creating GIF: 01_arm_swings_01.gif
2025-02-12 12:14:21,824 - workout_processor - INFO - Creating GIF: 01_arm_swings_02.gif
2025-02-12 12:14:30,166 - workout_processor - INFO - Creating GIF: 02_goblet_squat_01.gif
2025-02-12 12:14:36,714 - workout_processor - INFO - Creating GIF: 02_goblet_squat_02.gif
2025-02-12 12:14:46,190 - workout_processor - INFO - Creating GIF: 02_goblet_squat_03.gif
2025-02-12 12:14:55,082 - workout_processor - INFO - GIF generation completed
2025-02-12 12:23:45,581 - workout_processor - INFO - Starting workout video processing: temp/uploads/838cfa15-272d-4d66-9a3e-16867c43cbcf.MOV
2025-02-12 12:23:45,581 - workout_processor - INFO - Extracting audio from temp/uploads/838cfa15-272d-4d66-9a3e-16867c43cbcf.MOV
2025-02-12 12:23:48,337 - workout_processor - INFO - Audio saved to temp/audio.wav
2025-02-12 12:23:48,338 - workout_processor - INFO - Loading existing transcription from temp/transcript.json
2025-02-12 12:23:48,408 - workout_processor - INFO - Found 2 segments for 'arm swings'
2025-02-12 12:23:48,408 - workout_processor - INFO - Found 3 segments for 'goblet squat'
2025-02-12 12:23:48,408 - workout_processor - INFO - Generating GIFs from temp/uploads/838cfa15-272d-4d66-9a3e-16867c43cbcf.MOV
2025-02-12 12:23:48,509 - workout_processor - INFO - Creating GIF: 01_arm_swings_01.gif
2025-02-12 12:23:54,839 - workout_processor - INFO - Creating GIF: 01_arm_swings_02.gif
2025-02-12 12:24:03,416 - workout_processor - INFO - Creating GIF: 02_goblet_squat_01.gif
2025-02-12 12:24:10,184 - workout_processor - INFO - Creating GIF: 02_goblet_squat_02.gif
2025-02-12 12:24:19,869 - workout_processor - INFO - Creating GIF: 02_goblet_squat_03.gif
2025-02-12 12:24:28,920 - workout_processor - INFO - GIF generation completed
2025-02-12 12:40:07,043 - workout_processor - INFO - Received download request for 2 GIFs
2025-02-12 12:40:07,044 - workout_processor - INFO - Processing GIF: http://127.0.0.1:8000/api/download/01_arm_swings_02.gif (start: 103.5, end: 110.8)
2025-02-12 12:40:07,044 - workout_processor - INFO - Processing GIF: http://127.0.0.1:8000/api/download/02_goblet_squat_03.gif (start: 1058.22, end: 1065.52)
2025-02-12 12:40:07,045 - workout_processor - INFO - Extracted path: 01_arm_swings_02.gif
2025-02-12 12:40:07,634 - workout_processor - INFO - Original duration: 5.5, Trimming: 103.5 to 110.8
2025-02-12 12:40:07,634 - workout_processor - INFO - Adjusted times: 4.5 to 0.7999999999999972
2025-02-12 12:40:09,068 - workout_processor - INFO - Added trimmed GIF to zip: 01_arm_swings_02.gif
2025-02-12 12:40:09,068 - workout_processor - INFO - Extracted path: 02_goblet_squat_03.gif
2025-02-12 12:40:09,651 - workout_processor - INFO - Original duration: 5.5, Trimming: 1058.22 to 1065.52
2025-02-12 12:40:09,652 - workout_processor - INFO - Adjusted times: 2.2200000000000273 to 4.019999999999982
2025-02-12 12:40:11,745 - workout_processor - INFO - Added trimmed GIF to zip: 02_goblet_squat_03.gif
2025-02-12 12:44:37,799 - workout_processor - INFO - Starting workout video processing: temp/uploads/6878b78c-f32c-4119-88be-ff90fc476e46.MOV
2025-02-12 12:44:37,799 - workout_processor - INFO - Extracting audio from temp/uploads/6878b78c-f32c-4119-88be-ff90fc476e46.MOV
2025-02-12 12:44:40,635 - workout_processor - INFO - Audio saved to temp/audio.wav
2025-02-12 12:44:40,635 - workout_processor - INFO - Loading existing transcription from temp/transcript.json
2025-02-12 12:44:40,706 - workout_processor - INFO - Found 2 segments for 'arm swing'
2025-02-12 12:44:40,706 - workout_processor - INFO - Found 3 segments for 'goblet squat'
2025-02-12 12:44:40,706 - workout_processor - INFO - Generating GIFs from temp/uploads/6878b78c-f32c-4119-88be-ff90fc476e46.MOV
2025-02-12 12:44:40,808 - workout_processor - INFO - Creating GIF: 01_arm_swing_01.gif
2025-02-12 12:44:47,178 - workout_processor - INFO - Creating GIF: 01_arm_swing_02.gif
2025-02-12 12:44:55,816 - workout_processor - INFO - Creating GIF: 02_goblet_squat_01.gif
2025-02-12 12:45:02,597 - workout_processor - INFO - Creating GIF: 02_goblet_squat_02.gif
2025-02-12 12:45:12,369 - workout_processor - INFO - Creating GIF: 02_goblet_squat_03.gif
2025-02-12 12:45:21,480 - workout_processor - INFO - GIF generation completed
2025-02-12 12:45:31,272 - workout_processor - INFO - Received download request for 2 GIFs
2025-02-12 12:45:31,272 - workout_processor - INFO - Processing GIF: http://127.0.0.1:8000/api/download/01_arm_swing_02.gif (start: 0.0, end: 5.5)
2025-02-12 12:45:31,272 - workout_processor - INFO - Processing GIF: http://127.0.0.1:8000/api/download/02_goblet_squat_03.gif (start: 0.0, end: 5.5)
2025-02-12 12:45:31,273 - workout_processor - INFO - Extracted path: 01_arm_swing_02.gif
2025-02-12 12:45:31,859 - workout_processor - INFO - Original duration: 5.5, Trimming: 0.0 to 5.5
2025-02-12 12:45:31,859 - workout_processor - INFO - Adjusted times: 0.0 to 0.0
2025-02-12 12:45:37,645 - workout_processor - INFO - Added trimmed GIF to zip: 01_arm_swing_02.gif
2025-02-12 12:45:37,646 - workout_processor - INFO - Extracted path: 02_goblet_squat_03.gif
2025-02-12 12:45:38,237 - workout_processor - INFO - Original duration: 5.5, Trimming: 0.0 to 5.5
2025-02-12 12:45:38,237 - workout_processor - INFO - Adjusted times: 0.0 to 0.0
2025-02-12 12:45:44,107 - workout_processor - INFO - Added trimmed GIF to zip: 02_goblet_squat_03.gif
2025-02-12 12:47:54,566 - workout_processor - INFO - Received download request for 1 GIFs
2025-02-12 12:47:54,566 - workout_processor - INFO - Processing GIF: http://127.0.0.1:8000/api/download/01_arm_swing_02.gif (start: 1.1, end: 5.5)
2025-02-12 12:47:54,566 - workout_processor - INFO - Extracted path: 01_arm_swing_02.gif
2025-02-12 12:47:55,156 - workout_processor - INFO - Original duration: 5.5, Trimming: 1.1 to 5.5
2025-02-12 12:47:55,156 - workout_processor - INFO - Adjusted times: 1.1 to 0.0
2025-02-12 12:47:59,926 - workout_processor - INFO - Added trimmed GIF to zip: 01_arm_swing_02.gif
2025-02-12 12:50:40,827 - workout_processor - INFO - Starting workout video processing: temp/uploads/811b8d47-b955-4621-9a88-25edd3655563.MOV
2025-02-12 12:50:40,827 - workout_processor - INFO - Extracting audio from temp/uploads/811b8d47-b955-4621-9a88-25edd3655563.MOV
2025-02-12 12:50:43,581 - workout_processor - INFO - Audio saved to temp/audio.wav
2025-02-12 12:50:43,581 - workout_processor - INFO - Loading existing transcription from temp/transcript.json
2025-02-12 12:50:43,651 - workout_processor - INFO - Found 2 segments for 'arm swings'
2025-02-12 12:50:43,651 - workout_processor - INFO - Found 0 segments for 'goblet suat'
2025-02-12 12:50:43,651 - workout_processor - INFO - Generating GIFs from temp/uploads/811b8d47-b955-4621-9a88-25edd3655563.MOV
2025-02-12 12:50:43,747 - workout_processor - INFO - Creating GIF: 01_arm_swings_01.gif
2025-02-12 12:50:50,061 - workout_processor - INFO - Creating GIF: 01_arm_swings_02.gif
2025-02-12 12:50:58,741 - workout_processor - INFO - GIF generation completed
2025-02-12 12:54:35,906 - workout_processor - INFO - Starting workout video processing: temp/uploads/c4ed4c56-f36f-4f57-80b3-b48b5bba6970.MOV
2025-02-12 12:54:35,908 - workout_processor - INFO - Extracting audio from temp/uploads/c4ed4c56-f36f-4f57-80b3-b48b5bba6970.MOV
2025-02-12 12:54:39,450 - workout_processor - INFO - Audio saved to temp/audio.wav
2025-02-12 12:54:39,451 - workout_processor - INFO - Loading existing transcription from temp/transcript.json
2025-02-12 12:54:39,489 - workout_processor - INFO - Found 2 segments for 'arm swings'
2025-02-12 12:54:39,489 - workout_processor - INFO - Generating GIFs from temp/uploads/c4ed4c56-f36f-4f57-80b3-b48b5bba6970.MOV
2025-02-12 12:54:39,683 - workout_processor - INFO - Creating GIF: 01_arm_swings_01.gif
2025-02-12 12:54:46,155 - workout_processor - INFO - Creating GIF: 01_arm_swings_02.gif
2025-02-12 12:54:54,908 - workout_processor - INFO - GIF generation completed
2025-02-12 12:57:26,518 - workout_processor - INFO - Starting workout video processing: temp/uploads/08a07e2d-5e52-4794-96cc-d32208b7aa5d.MOV
2025-02-12 12:57:26,519 - workout_processor - INFO - Extracting audio from temp/uploads/08a07e2d-5e52-4794-96cc-d32208b7aa5d.MOV
2025-02-12 12:57:29,873 - workout_processor - INFO - Audio saved to temp/audio.wav
2025-02-12 12:57:29,873 - workout_processor - INFO - Loading existing transcription from temp/transcript.json
2025-02-12 12:57:29,914 - workout_processor - INFO - Found 2 segments for 'arm swings'
2025-02-12 12:57:29,914 - workout_processor - INFO - Generating GIFs from temp/uploads/08a07e2d-5e52-4794-96cc-d32208b7aa5d.MOV
2025-02-12 12:57:30,105 - workout_processor - INFO - Creating GIF: 01_arm_swings_01.gif
2025-02-12 12:57:36,569 - workout_processor - INFO - Creating GIF: 01_arm_swings_02.gif
2025-02-12 12:57:45,319 - workout_processor - INFO - GIF generation completed
2025-02-12 12:58:11,279 - workout_processor - INFO - Received download request for 1 GIFs
2025-02-12 12:58:11,279 - workout_processor - INFO - Processing GIF: http://127.0.0.1:8000/api/download/01_arm_swings_02.gif (start: 1.0, end: 5.5)
2025-02-12 12:58:11,279 - workout_processor - INFO - Extracted path: 01_arm_swings_02.gif
2025-02-12 12:58:11,865 - workout_processor - INFO - Original duration: 5.5, Trimming: 1.0 to 5.5
2025-02-12 12:58:11,865 - workout_processor - INFO - Adjusted times: 1.0 to 0.0
2025-02-12 12:58:16,724 - workout_processor - INFO - Added trimmed GIF to zip: 01_arm_swings_02.gif
2025-02-12 12:58:56,367 - workout_processor - INFO - Starting workout video processing: temp/uploads/d35c5019-abf3-49c1-a71f-ffa16592183c.MOV
2025-02-12 12:58:56,367 - workout_processor - INFO - Extracting audio from temp/uploads/d35c5019-abf3-49c1-a71f-ffa16592183c.MOV
2025-02-12 12:58:59,749 - workout_processor - INFO - Audio saved to temp/audio.wav
2025-02-12 12:58:59,749 - workout_processor - INFO - Loading existing transcription from temp/transcript.json
2025-02-12 12:58:59,788 - workout_processor - INFO - Found 2 segments for 'arm swing'
2025-02-12 12:58:59,788 - workout_processor - INFO - Generating GIFs from temp/uploads/d35c5019-abf3-49c1-a71f-ffa16592183c.MOV
2025-02-12 12:58:59,949 - workout_processor - INFO - Creating GIF: 01_arm_swing_01.gif
2025-02-12 12:59:06,436 - workout_processor - INFO - Creating GIF: 01_arm_swing_02.gif
2025-02-12 12:59:15,208 - workout_processor - INFO - GIF generation completed
2025-02-12 12:59:52,739 - workout_processor - INFO - Received download request for 1 GIFs
2025-02-12 12:59:52,739 - workout_processor - INFO - Processing GIF: http://127.0.0.1:8000/api/download/01_arm_swing_02.gif (start: 1.5, end: 5.5)
2025-02-12 12:59:52,740 - workout_processor - INFO - Extracted path: 01_arm_swing_02.gif
2025-02-12 12:59:53,324 - workout_processor - INFO - Original duration: 5.5, Trimming: 1.5 to 5.5
2025-02-12 12:59:53,324 - workout_processor - INFO - Adjusted times: 1.5 to 0.0
2025-02-12 12:59:57,745 - workout_processor - INFO - Added trimmed GIF to zip: 01_arm_swing_02.gif
2025-02-12 13:02:00,512 - workout_processor - INFO - Starting workout video processing: temp/uploads/8c80ec76-a794-466e-9389-8c06fa9fefe4.MOV
2025-02-12 13:02:00,512 - workout_processor - INFO - Extracting audio from temp/uploads/8c80ec76-a794-466e-9389-8c06fa9fefe4.MOV
2025-02-12 13:02:03,929 - workout_processor - INFO - Audio saved to temp/audio.wav
2025-02-12 13:02:03,929 - workout_processor - INFO - Loading existing transcription from temp/transcript.json
2025-02-12 13:02:03,969 - workout_processor - INFO - Found 2 segments for 'arm swings'
2025-02-12 13:02:03,969 - workout_processor - INFO - Generating GIFs from temp/uploads/8c80ec76-a794-466e-9389-8c06fa9fefe4.MOV
2025-02-12 13:02:04,143 - workout_processor - INFO - Creating GIF: 01_arm_swings_01.gif
2025-02-12 13:02:10,604 - workout_processor - INFO - Creating GIF: 01_arm_swings_02.gif
2025-02-12 13:02:19,348 - workout_processor - INFO - GIF generation completed
2025-02-12 13:02:49,922 - workout_processor - INFO - Received download request for 1 GIFs
2025-02-12 13:02:49,922 - workout_processor - INFO - Processing GIF: http://127.0.0.1:8000/api/download/01_arm_swings_02.gif (start: 2.0, end: 5.5)
2025-02-12 13:02:49,922 - workout_processor - INFO - Extracted path: 01_arm_swings_02.gif
2025-02-12 13:02:50,507 - workout_processor - INFO - Original duration: 5.5, Trimming: 2.0 to 5.5
2025-02-12 13:02:50,508 - workout_processor - INFO - Adjusted times: 2.0 to 0.0
2025-02-12 13:02:54,429 - workout_processor - INFO - Added trimmed GIF to zip: 01_arm_swings_02.gif
2025-02-12 13:05:40,247 - workout_processor - INFO - Starting workout video processing: temp/uploads/5a87c420-f583-47cf-a249-0c0f76dc0239.MOV
2025-02-12 13:05:40,247 - workout_processor - INFO - Extracting audio from temp/uploads/5a87c420-f583-47cf-a249-0c0f76dc0239.MOV
2025-02-12 13:05:43,709 - workout_processor - INFO - Audio saved to temp/audio.wav
2025-02-12 13:05:43,709 - workout_processor - INFO - Loading existing transcription from temp/transcript.json
2025-02-12 13:05:43,746 - workout_processor - INFO - Found 2 segments for 'arm swings'
2025-02-12 13:05:43,747 - workout_processor - INFO - Generating GIFs from temp/uploads/5a87c420-f583-47cf-a249-0c0f76dc0239.MOV
2025-02-12 13:05:43,930 - workout_processor - INFO - Creating GIF: 01_arm_swings_01.gif
2025-02-12 13:05:50,383 - workout_processor - INFO - Creating GIF: 01_arm_swings_02.gif
2025-02-12 13:05:59,125 - workout_processor - INFO - GIF generation completed
2025-02-12 13:06:15,991 - workout_processor - INFO - Received download request for 1 GIFs
2025-02-12 13:06:15,991 - workout_processor - INFO - Processing GIF: http://127.0.0.1:8000/api/download/01_arm_swings_02.gif (start: 2.1, end: 5.5)
2025-02-12 13:06:15,992 - workout_processor - INFO - Extracted path: 01_arm_swings_02.gif
2025-02-12 13:06:16,568 - workout_processor - INFO - Original duration: 5.5, Trimming: 2.1 to 5.5
2025-02-12 13:06:16,569 - workout_processor - INFO - Adjusted times: 2.1 to 0.0
2025-02-12 13:06:20,332 - workout_processor - INFO - Added trimmed GIF to zip: 01_arm_swings_02.gif
2025-02-12 13:06:46,397 - workout_processor - INFO - Received download request for 1 GIFs
2025-02-12 13:06:46,397 - workout_processor - INFO - Processing GIF: http://127.0.0.1:8000/api/download/01_arm_swings_02.gif (start: 2.1, end: 4.9)
2025-02-12 13:06:46,398 - workout_processor - INFO - Extracted path: 01_arm_swings_02.gif
2025-02-12 13:06:46,992 - workout_processor - INFO - Original duration: 5.5, Trimming: 2.1 to 4.9
2025-02-12 13:06:46,992 - workout_processor - INFO - Adjusted times: 2.1 to 4.9
2025-02-12 13:06:50,170 - workout_processor - INFO - Added trimmed GIF to zip: 01_arm_swings_02.gif
2025-02-12 13:07:24,795 - workout_processor - INFO - Received download request for 1 GIFs
2025-02-12 13:07:24,795 - workout_processor - INFO - Processing GIF: http://127.0.0.1:8000/api/download/01_arm_swings_02.gif (start: 0.0, end: 4.9)
2025-02-12 13:07:24,795 - workout_processor - INFO - Extracted path: 01_arm_swings_02.gif
2025-02-12 13:07:25,372 - workout_processor - INFO - Original duration: 5.5, Trimming: 0.0 to 4.9
2025-02-12 13:07:25,372 - workout_processor - INFO - Adjusted times: 0.0 to 4.9
2025-02-12 13:07:30,554 - workout_processor - INFO - Added trimmed GIF to zip: 01_arm_swings_02.gif
2025-02-12 13:11:11,342 - workout_processor - INFO - Starting workout video processing: temp/uploads/200558ed-85d8-4b6b-be89-2c1500b36e0d.MOV
2025-02-12 13:11:11,342 - workout_processor - INFO - Extracting audio from temp/uploads/200558ed-85d8-4b6b-be89-2c1500b36e0d.MOV
2025-02-12 13:11:14,142 - workout_processor - INFO - Audio saved to temp/audio.wav
2025-02-12 13:11:14,142 - workout_processor - INFO - Loading existing transcription from temp/transcript.json
2025-02-12 13:11:14,181 - workout_processor - INFO - Found 2 segments for 'arm swings'
2025-02-12 13:11:14,181 - workout_processor - INFO - Generating GIFs from temp/uploads/200558ed-85d8-4b6b-be89-2c1500b36e0d.MOV
2025-02-12 13:11:14,285 - workout_processor - INFO - Creating GIF: 01_arm_swings_01.gif
2025-02-12 13:11:20,568 - workout_processor - INFO - Creating GIF: 01_arm_swings_02.gif
2025-02-12 13:11:29,154 - workout_processor - INFO - GIF generation completed
2025-02-12 13:14:49,344 - workout_processor - INFO - Starting workout video processing: temp/uploads/fa540ee7-5084-4162-a0d3-ed5b2d88fa0b.MOV
2025-02-12 13:14:49,345 - workout_processor - INFO - Extracting audio from temp/uploads/fa540ee7-5084-4162-a0d3-ed5b2d88fa0b.MOV
2025-02-12 13:14:52,884 - workout_processor - INFO - Audio saved to temp/audio.wav
2025-02-12 13:14:52,884 - workout_processor - INFO - Loading existing transcription from temp/transcript.json
2025-02-12 13:14:52,924 - workout_processor - INFO - Found 2 segments for 'arm swings'
2025-02-12 13:14:52,924 - workout_processor - INFO - Generating GIFs from temp/uploads/fa540ee7-5084-4162-a0d3-ed5b2d88fa0b.MOV
2025-02-12 13:14:53,122 - workout_processor - INFO - Creating GIF: 01_arm_swings_01.gif
2025-02-12 13:14:59,600 - workout_processor - INFO - Creating GIF: 01_arm_swings_02.gif
2025-02-12 13:15:08,292 - workout_processor - INFO - GIF generation completed
2025-02-12 13:16:45,611 - workout_processor - INFO - Starting workout video processing: temp/uploads/b66d5abf-cee9-43d2-92b5-aec5b37a094a.MOV
2025-02-12 13:16:45,611 - workout_processor - INFO - Extracting audio from temp/uploads/b66d5abf-cee9-43d2-92b5-aec5b37a094a.MOV
2025-02-12 13:16:48,363 - workout_processor - INFO - Audio saved to temp/audio.wav
2025-02-12 13:16:48,363 - workout_processor - INFO - Loading existing transcription from temp/transcript.json
2025-02-12 13:16:48,400 - workout_processor - INFO - Found 2 segments for 'arm swings'
2025-02-12 13:16:48,400 - workout_processor - INFO - Generating GIFs from temp/uploads/b66d5abf-cee9-43d2-92b5-aec5b37a094a.MOV
2025-02-12 13:16:48,501 - workout_processor - INFO - Creating GIF: 01_arm_swings_01.gif
2025-02-12 13:16:54,911 - workout_processor - INFO - Creating GIF: 01_arm_swings_02.gif
2025-02-12 13:17:03,625 - workout_processor - INFO - GIF generation completed
2025-02-12 13:18:06,447 - workout_processor - INFO - Starting workout video processing: temp/uploads/04548f4c-da2e-4304-be4f-090b9fad5754.MOV
2025-02-12 13:18:06,447 - workout_processor - INFO - Extracting audio from temp/uploads/04548f4c-da2e-4304-be4f-090b9fad5754.MOV
2025-02-12 13:18:09,798 - workout_processor - INFO - Audio saved to temp/audio.wav
2025-02-12 13:18:09,799 - workout_processor - INFO - Loading existing transcription from temp/transcript.json
2025-02-12 13:18:09,836 - workout_processor - INFO - Found 2 segments for 'arm swings'
2025-02-12 13:18:09,836 - workout_processor - INFO - Generating GIFs from temp/uploads/04548f4c-da2e-4304-be4f-090b9fad5754.MOV
2025-02-12 13:18:10,003 - workout_processor - INFO - Creating GIF: 01_arm_swings_01.gif
2025-02-12 13:18:16,564 - workout_processor - INFO - Creating GIF: 01_arm_swings_02.gif
2025-02-12 13:18:25,284 - workout_processor - INFO - GIF generation completed
2025-02-12 13:21:23,681 - workout_processor - INFO - Starting workout video processing: temp/uploads/d4c857a0-5056-4df6-927d-014ff45e4f22.MOV
2025-02-12 13:21:23,681 - workout_processor - INFO - Extracting audio from temp/uploads/d4c857a0-5056-4df6-927d-014ff45e4f22.MOV
2025-02-12 13:21:26,426 - workout_processor - INFO - Audio saved to temp/audio.wav
2025-02-12 13:21:26,426 - workout_processor - INFO - Loading existing transcription from temp/transcript.json
2025-02-12 13:21:26,463 - workout_processor - INFO - Found 2 segments for 'arm swings'
2025-02-12 13:21:26,464 - workout_processor - INFO - Generating GIFs from temp/uploads/d4c857a0-5056-4df6-927d-014ff45e4f22.MOV
2025-02-12 13:21:26,563 - workout_processor - INFO - Creating GIF: 01_arm_swings_01.gif
2025-02-12 13:21:33,011 - workout_processor - INFO - Creating GIF: 01_arm_swings_02.gif
2025-02-12 13:21:41,714 - workout_processor - INFO - GIF generation completed
2025-02-12 13:23:40,337 - workout_processor - INFO - Starting workout video processing: temp/uploads/b0132050-f149-482a-8e4b-115776e51b59.MOV
2025-02-12 13:23:40,337 - workout_processor - INFO - Extracting audio from temp/uploads/b0132050-f149-482a-8e4b-115776e51b59.MOV
2025-02-12 13:23:43,099 - workout_processor - INFO - Audio saved to temp/audio.wav
2025-02-12 13:23:43,099 - workout_processor - INFO - Loading existing transcription from temp/transcript.json
2025-02-12 13:23:43,136 - workout_processor - INFO - Found 2 segments for 'arm swings'
2025-02-12 13:23:43,136 - workout_processor - INFO - Generating GIFs from temp/uploads/b0132050-f149-482a-8e4b-115776e51b59.MOV
2025-02-12 13:23:43,234 - workout_processor - INFO - Creating GIF: 01_arm_swings_01.gif
2025-02-12 13:23:49,630 - workout_processor - INFO - Creating GIF: 01_arm_swings_02.gif
2025-02-12 13:23:58,379 - workout_processor - INFO - GIF generation completed
2025-02-12 13:24:06,008 - workout_processor - ERROR - Failed to trim GIF: write_gif() got an unexpected keyword argument 'resize'
2025-02-12 13:24:12,477 - workout_processor - ERROR - Failed to trim GIF: write_gif() got an unexpected keyword argument 'resize'
2025-02-12 13:24:17,501 - workout_processor - ERROR - Failed to trim GIF: write_gif() got an unexpected keyword argument 'resize'
2025-02-12 13:26:33,070 - workout_processor - ERROR - Failed to trim GIF: write_gif() got an unexpected keyword argument 'resize'
2025-02-12 13:26:38,465 - workout_processor - ERROR - Failed to trim GIF: write_gif() got an unexpected keyword argument 'resize'
2025-02-12 13:26:39,307 - workout_processor - ERROR - Failed to trim GIF: write_gif() got an unexpected keyword argument 'resize'
2025-02-12 13:27:03,623 - workout_processor - INFO - Starting workout video processing: temp/uploads/ceb209a0-4710-43f8-bb8e-449acffda25a.MOV
2025-02-12 13:27:03,623 - workout_processor - INFO - Extracting audio from temp/uploads/ceb209a0-4710-43f8-bb8e-449acffda25a.MOV
2025-02-12 13:27:06,485 - workout_processor - INFO - Audio saved to temp/audio.wav
2025-02-12 13:27:06,486 - workout_processor - INFO - Loading existing transcription from temp/transcript.json
2025-02-12 13:27:07,028 - workout_processor - INFO - Found 2 segments for 'arm swings'
2025-02-12 13:27:07,028 - workout_processor - INFO - Generating GIFs from temp/uploads/ceb209a0-4710-43f8-bb8e-449acffda25a.MOV
2025-02-12 13:27:07,153 - workout_processor - INFO - Creating GIF: 01_arm_swings_01.gif
2025-02-12 13:27:13,549 - workout_processor - INFO - Creating GIF: 01_arm_swings_02.gif
2025-02-12 13:27:22,264 - workout_processor - INFO - GIF generation completed
2025-02-12 13:27:33,352 - workout_processor - ERROR - Failed to trim GIF: write_gif() got an unexpected keyword argument 'resize'
2025-02-12 13:27:47,684 - workout_processor - INFO - Received download request for 1 GIFs
2025-02-12 13:27:47,684 - workout_processor - INFO - Processing GIF: http://127.0.0.1:8000/api/download/01_arm_swings_02.gif (start: 2.0, end: 5.5)
2025-02-12 13:27:47,684 - workout_processor - INFO - Extracted path: 01_arm_swings_02.gif
2025-02-12 13:27:48,246 - workout_processor - INFO - Original duration: 5.5, Trimming: 2.0 to 5.5
2025-02-12 13:27:48,247 - workout_processor - INFO - Adjusted times: 2.0 to 0.0
2025-02-12 13:27:52,133 - workout_processor - INFO - Added trimmed GIF to zip: 01_arm_swings_02.gif
2025-02-12 13:28:06,320 - workout_processor - INFO - Received download request for 1 GIFs
2025-02-12 13:28:06,320 - workout_processor - INFO - Processing GIF: http://127.0.0.1:8000/api/download/01_arm_swings_02.gif (start: 2.0, end: 5.5)
2025-02-12 13:28:06,320 - workout_processor - INFO - Extracted path: 01_arm_swings_02.gif
2025-02-12 13:28:06,886 - workout_processor - INFO - Original duration: 5.5, Trimming: 2.0 to 5.5
2025-02-12 13:28:06,886 - workout_processor - INFO - Adjusted times: 2.0 to 0.0
2025-02-12 13:28:10,795 - workout_processor - INFO - Added trimmed GIF to zip: 01_arm_swings_02.gif
2025-02-12 14:33:10,541 - workout_processor - INFO - Starting workout video processing: temp/uploads/ceb209a0-4710-43f8-bb8e-449acffda25a.MOV
2025-02-12 14:33:10,541 - workout_processor - INFO - Extracting audio from temp/uploads/ceb209a0-4710-43f8-bb8e-449acffda25a.MOV
2025-02-12 14:33:13,334 - workout_processor - INFO - Audio saved to temp/audio.wav
2025-02-12 14:33:13,334 - workout_processor - INFO - Loading existing transcription from temp/transcript.json
2025-02-12 14:33:13,371 - workout_processor - INFO - Found 2 segments for 'arm swings'
2025-02-12 14:33:13,371 - workout_processor - INFO - Generating GIFs from temp/uploads/ceb209a0-4710-43f8-bb8e-449acffda25a.MOV
2025-02-12 14:33:13,474 - workout_processor - INFO - Creating GIF: 01_arm_swings_01.gif
2025-02-12 14:33:19,830 - workout_processor - INFO - Creating GIF: 01_arm_swings_02.gif
2025-02-12 14:33:28,514 - workout_processor - INFO - GIF generation completed
2025-02-12 14:35:51,839 - workout_processor - INFO - Starting workout video processing: temp/uploads/ceb209a0-4710-43f8-bb8e-449acffda25a.MOV
2025-02-12 14:35:51,839 - workout_processor - INFO - Extracting audio from temp/uploads/ceb209a0-4710-43f8-bb8e-449acffda25a.MOV
2025-02-12 14:35:55,047 - workout_processor - INFO - Audio saved to temp/audio.wav
2025-02-12 14:35:55,047 - workout_processor - INFO - Loading existing transcription from temp/transcript.json
2025-02-12 14:35:55,083 - workout_processor - INFO - Found 2 segments for 'arm swings'
2025-02-12 14:35:55,083 - workout_processor - INFO - Generating GIFs from temp/uploads/ceb209a0-4710-43f8-bb8e-449acffda25a.MOV
2025-02-12 14:35:55,230 - workout_processor - INFO - Creating GIF: 01_arm_swings_01.gif
2025-02-12 14:36:01,589 - workout_processor - INFO - Creating GIF: 01_arm_swings_02.gif
2025-02-12 14:36:10,218 - workout_processor - INFO - GIF generation completed
2025-02-12 14:38:00,124 - workout_processor - INFO - Starting workout video processing: temp/uploads/55b1b633-4ae4-4782-a107-11053f80105d.MOV
2025-02-12 14:38:00,125 - workout_processor - INFO - Extracting audio from temp/uploads/55b1b633-4ae4-4782-a107-11053f80105d.MOV
2025-02-12 14:38:03,268 - workout_processor - INFO - Audio saved to temp/audio.wav
2025-02-12 14:38:03,268 - workout_processor - INFO - Loading existing transcription from temp/transcript.json
2025-02-12 14:38:03,306 - workout_processor - INFO - Found 2 segments for 'arm swings'
2025-02-12 14:38:03,306 - workout_processor - INFO - Generating GIFs from temp/uploads/55b1b633-4ae4-4782-a107-11053f80105d.MOV
2025-02-12 14:38:03,478 - workout_processor - INFO - Creating GIF: 01_arm_swings_01.gif
2025-02-12 14:38:09,832 - workout_processor - INFO - Creating GIF: 01_arm_swings_02.gif
2025-02-12 14:38:18,480 - workout_processor - INFO - GIF generation completed
2025-02-12 14:40:24,609 - workout_processor - INFO - Starting workout video processing: temp/uploads/0658315f-ee6d-4839-8828-a1e91b4994de.MOV
2025-02-12 14:40:24,609 - workout_processor - INFO - Extracting audio from temp/uploads/0658315f-ee6d-4839-8828-a1e91b4994de.MOV
2025-02-12 14:40:28,044 - workout_processor - INFO - Audio saved to temp/audio.wav
2025-02-12 14:40:28,044 - workout_processor - INFO - Loading existing transcription from temp/transcript.json
2025-02-12 14:40:28,084 - workout_processor - INFO - Found 2 segments for 'arm swings'
2025-02-12 14:40:28,084 - workout_processor - INFO - Generating GIFs from temp/uploads/0658315f-ee6d-4839-8828-a1e91b4994de.MOV
2025-02-12 14:40:28,243 - workout_processor - INFO - Creating GIF: 01_arm_swings_01.gif
2025-02-12 14:40:34,616 - workout_processor - INFO - Creating GIF: 01_arm_swings_02.gif
2025-02-12 14:40:43,314 - workout_processor - INFO - GIF generation completed
2025-02-12 15:01:39,423 - workout_processor - INFO - Starting workout video processing: temp/uploads/3eb2c8d2-745f-4996-8617-bc4608156c19.MOV
2025-02-12 15:01:39,424 - workout_processor - INFO - Extracting audio from temp/uploads/3eb2c8d2-745f-4996-8617-bc4608156c19.MOV
2025-02-12 15:01:42,510 - workout_processor - INFO - Audio saved to temp/audio.wav
2025-02-12 15:01:42,510 - workout_processor - INFO - Loading existing transcription from temp/transcript.json
2025-02-12 15:01:42,547 - workout_processor - INFO - Found 2 segments for 'arm swings'
2025-02-12 15:01:42,547 - workout_processor - INFO - Generating GIFs from temp/uploads/3eb2c8d2-745f-4996-8617-bc4608156c19.MOV
2025-02-12 15:01:42,673 - workout_processor - INFO - Creating GIF: 01_arm_swings_01.gif
2025-02-12 15:01:49,004 - workout_processor - INFO - Creating GIF: 01_arm_swings_02.gif
2025-02-12 15:01:57,617 - workout_processor - INFO - GIF generation completed
2025-02-12 15:03:07,542 - workout_processor - INFO - Received download request for 2 GIFs
2025-02-12 15:03:07,543 - workout_processor - INFO - Processing GIF: http://127.0.0.1:8000/api/download/01_arm_swings_01.gif (start: 0.5, end: 4.0)
2025-02-12 15:03:07,543 - workout_processor - INFO - Processing GIF: http://127.0.0.1:8000/api/download/01_arm_swings_02.gif (start: 2.0, end: 5.5)
2025-02-12 15:03:07,544 - workout_processor - INFO - Extracted path: 01_arm_swings_01.gif
2025-02-12 15:03:07,999 - workout_processor - INFO - Original duration: 4.0, Trimming: 0.5 to 4.0
2025-02-12 15:03:07,999 - workout_processor - INFO - Adjusted times: 0.5 to 0.0
2025-02-12 15:03:11,567 - workout_processor - INFO - Added trimmed GIF to zip: 01_arm_swings_01.gif
2025-02-12 15:03:11,568 - workout_processor - INFO - Extracted path: 01_arm_swings_02.gif
2025-02-12 15:03:12,126 - workout_processor - INFO - Original duration: 5.5, Trimming: 2.0 to 5.5
2025-02-12 15:03:12,126 - workout_processor - INFO - Adjusted times: 2.0 to 0.0
2025-02-12 15:03:15,922 - workout_processor - INFO - Added trimmed GIF to zip: 01_arm_swings_02.gif
2025-02-12 16:45:50,752 - workout_processor - INFO - Starting workout video processing: temp/uploads/12b6954e-6d4c-4e10-99b6-f048de67fec1.MOV
2025-02-12 16:45:50,752 - workout_processor - INFO - Extracting audio from temp/uploads/12b6954e-6d4c-4e10-99b6-f048de67fec1.MOV
2025-02-12 16:45:53,558 - workout_processor - INFO - Audio saved to temp/audio.wav
2025-02-12 16:45:53,559 - workout_processor - INFO - Loading existing transcription from temp/transcript.json
2025-02-12 16:45:53,595 - workout_processor - INFO - Found 2 segments for 'arm swings'
2025-02-12 16:45:53,595 - workout_processor - INFO - Generating GIFs from temp/uploads/12b6954e-6d4c-4e10-99b6-f048de67fec1.MOV
2025-02-12 16:45:53,693 - workout_processor - INFO - Creating GIF: 01_arm_swings_01.gif
2025-02-12 16:45:59,879 - workout_processor - INFO - Creating GIF: 01_arm_swings_02.gif
2025-02-12 16:46:08,341 - workout_processor - INFO - GIF generation completed
2025-02-12 16:46:51,748 - workout_processor - INFO - Starting workout video processing: temp/uploads/12b6954e-6d4c-4e10-99b6-f048de67fec1.MOV
2025-02-12 16:46:51,749 - workout_processor - INFO - Extracting audio from temp/uploads/12b6954e-6d4c-4e10-99b6-f048de67fec1.MOV
2025-02-12 16:46:54,980 - workout_processor - INFO - Audio saved to temp/audio.wav
2025-02-12 16:46:54,981 - workout_processor - INFO - Loading existing transcription from temp/transcript.json
2025-02-12 16:46:55,018 - workout_processor - INFO - Found 2 segments for 'arm swings'
2025-02-12 16:46:55,018 - workout_processor - INFO - Generating GIFs from temp/uploads/12b6954e-6d4c-4e10-99b6-f048de67fec1.MOV
2025-02-12 16:46:55,179 - workout_processor - INFO - Creating GIF: 01_arm_swings_01.gif
2025-02-12 16:47:01,632 - workout_processor - INFO - Creating GIF: 01_arm_swings_02.gif
2025-02-12 16:47:10,322 - workout_processor - INFO - GIF generation completed
2025-02-12 16:47:42,556 - workout_processor - INFO - Starting workout video processing: temp/uploads/12b6954e-6d4c-4e10-99b6-f048de67fec1.MOV
2025-02-12 16:47:42,556 - workout_processor - INFO - Extracting audio from temp/uploads/12b6954e-6d4c-4e10-99b6-f048de67fec1.MOV
2025-02-12 16:47:45,778 - workout_processor - INFO - Audio saved to temp/audio.wav
2025-02-12 16:47:45,778 - workout_processor - INFO - Loading existing transcription from temp/transcript.json
2025-02-12 16:47:45,914 - workout_processor - INFO - Found 2 segments for 'arm swings'
2025-02-12 16:47:45,914 - workout_processor - INFO - Found 3 segments for 'chest press'
2025-02-12 16:47:45,914 - workout_processor - INFO - Found 3 segments for 'goblet squat'
2025-02-12 16:47:45,914 - workout_processor - INFO - Found 1 segments for 'farmers carry'
2025-02-12 16:47:45,914 - workout_processor - INFO - Generating GIFs from temp/uploads/12b6954e-6d4c-4e10-99b6-f048de67fec1.MOV
2025-02-12 16:47:46,091 - workout_processor - INFO - Creating GIF: 01_arm_swings_01.gif
2025-02-12 16:47:52,512 - workout_processor - INFO - Creating GIF: 01_arm_swings_02.gif
2025-02-12 16:48:01,227 - workout_processor - INFO - Creating GIF: 02_chest_press_01.gif
2025-02-12 16:48:07,837 - workout_processor - INFO - Creating GIF: 02_chest_press_02.gif
2025-02-12 16:48:14,698 - workout_processor - INFO - Creating GIF: 02_chest_press_03.gif
2025-02-12 16:48:26,932 - workout_processor - INFO - Creating GIF: 03_goblet_squat_01.gif
2025-02-12 16:48:33,829 - workout_processor - INFO - Creating GIF: 03_goblet_squat_02.gif
2025-02-12 16:48:43,692 - workout_processor - INFO - Creating GIF: 03_goblet_squat_03.gif
2025-02-12 16:48:52,850 - workout_processor - INFO - Creating GIF: 04_farmers_carry_01.gif
2025-02-12 16:49:06,041 - workout_processor - INFO - GIF generation completed
2025-02-12 16:57:30,530 - workout_processor - INFO - Received download request for 3 GIFs
2025-02-12 16:57:30,531 - workout_processor - INFO - Processing GIF: http://127.0.0.1:8000/api/download/01_arm_swings_02.gif (start: 1.9, end: 5.5)
2025-02-12 16:57:30,531 - workout_processor - INFO - Processing GIF: http://127.0.0.1:8000/api/download/02_chest_press_01.gif (start: 0.4, end: 4.0)
2025-02-12 16:57:30,531 - workout_processor - INFO - Processing GIF: http://127.0.0.1:8000/api/download/04_farmers_carry_01.gif (start: 0.0, end: 7.9)
2025-02-12 16:57:30,532 - workout_processor - INFO - Extracted path: 01_arm_swings_02.gif
2025-02-12 16:57:31,131 - workout_processor - INFO - Original duration: 5.5, Trimming: 1.9 to 5.5
2025-02-12 16:57:31,132 - workout_processor - INFO - Adjusted times: 1.9 to 0.0
2025-02-12 16:57:35,157 - workout_processor - INFO - Added trimmed GIF to zip: 01_arm_swings_02.gif
2025-02-12 16:57:35,159 - workout_processor - INFO - Extracted path: 02_chest_press_01.gif
2025-02-12 16:57:35,621 - workout_processor - INFO - Original duration: 4.0, Trimming: 0.4 to 4.0
2025-02-12 16:57:35,621 - workout_processor - INFO - Adjusted times: 0.4 to 0.0
2025-02-12 16:57:39,526 - workout_processor - INFO - Added trimmed GIF to zip: 02_chest_press_01.gif
2025-02-12 16:57:39,526 - workout_processor - INFO - Extracted path: 04_farmers_carry_01.gif
2025-02-12 16:57:40,362 - workout_processor - INFO - Original duration: 7.9, Trimming: 0.0 to 7.9
2025-02-12 16:57:40,363 - workout_processor - INFO - Adjusted times: 0.0 to 0.0
2025-02-12 16:57:48,929 - workout_processor - INFO - Added trimmed GIF to zip: 04_farmers_carry_01.gif
2025-02-12 17:34:13,174 - workout_processor - INFO - Starting workout video processing: temp/uploads/c8a51aaa-efe2-4161-a406-0b05b35e180d.MOV
2025-02-12 17:34:13,174 - workout_processor - INFO - Extracting audio from temp/uploads/c8a51aaa-efe2-4161-a406-0b05b35e180d.MOV
2025-02-12 17:34:16,038 - workout_processor - INFO - Audio saved to temp/audio.wav
2025-02-12 17:34:16,038 - workout_processor - INFO - Loading existing transcription from temp/transcript.json
2025-02-12 17:34:16,110 - workout_processor - INFO - Found 2 segments for 'arm swings'
2025-02-12 17:34:16,111 - workout_processor - INFO - Found 1 segments for 'farmers carry'
2025-02-12 17:34:16,111 - workout_processor - INFO - Generating GIFs from temp/uploads/c8a51aaa-efe2-4161-a406-0b05b35e180d.MOV
2025-02-12 17:34:16,209 - workout_processor - INFO - Creating GIF: 01_arm_swings_01.gif
2025-02-12 17:34:22,602 - workout_processor - INFO - Creating GIF: 01_arm_swings_02.gif
2025-02-12 17:34:31,401 - workout_processor - INFO - Creating GIF: 02_farmers_carry_01.gif
2025-02-12 17:34:44,589 - workout_processor - INFO - GIF generation completed
2025-02-12 17:36:34,355 - workout_processor - INFO - Starting workout video processing: temp/uploads/00c484b7-eeaf-46c4-b31d-8fee243c9761.MOV
2025-02-12 17:36:34,356 - workout_processor - INFO - Extracting audio from temp/uploads/00c484b7-eeaf-46c4-b31d-8fee243c9761.MOV
2025-02-12 17:36:37,669 - workout_processor - INFO - Audio saved to temp/audio.wav
2025-02-12 17:36:37,669 - workout_processor - INFO - Loading existing transcription from temp/transcript.json
2025-02-12 17:36:37,742 - workout_processor - INFO - Found 2 segments for 'arm swings'
2025-02-12 17:36:37,743 - workout_processor - INFO - Found 3 segments for 'goblet squat'
2025-02-12 17:36:37,743 - workout_processor - INFO - Generating GIFs from temp/uploads/00c484b7-eeaf-46c4-b31d-8fee243c9761.MOV
2025-02-12 17:36:37,903 - workout_processor - INFO - Creating GIF: 01_arm_swings_01.gif
2025-02-12 17:36:44,334 - workout_processor - INFO - Creating GIF: 01_arm_swings_02.gif
2025-02-12 17:36:53,065 - workout_processor - INFO - Creating GIF: 02_goblet_squat_01.gif
2025-02-12 17:37:00,146 - workout_processor - INFO - Creating GIF: 02_goblet_squat_02.gif
2025-02-12 17:37:10,429 - workout_processor - INFO - Creating GIF: 02_goblet_squat_03.gif
2025-02-12 17:37:19,765 - workout_processor - INFO - GIF generation completed
2025-02-12 17:39:54,662 - workout_processor - INFO - Starting workout video processing: temp/uploads/7fe8ad00-8c47-41ca-ac8d-6745d3fe1e78.MOV
2025-02-12 17:39:54,662 - workout_processor - INFO - Extracting audio from temp/uploads/7fe8ad00-8c47-41ca-ac8d-6745d3fe1e78.MOV
2025-02-12 17:39:57,532 - workout_processor - INFO - Audio saved to temp/audio.wav
2025-02-12 17:39:57,533 - workout_processor - INFO - Loading existing transcription from temp/transcript.json
2025-02-12 17:39:57,604 - workout_processor - INFO - Found 2 segments for 'arm swings'
2025-02-12 17:39:57,604 - workout_processor - INFO - Found 3 segments for 'goblet squats'
2025-02-12 17:39:57,604 - workout_processor - INFO - Generating GIFs from temp/uploads/7fe8ad00-8c47-41ca-ac8d-6745d3fe1e78.MOV
2025-02-12 17:39:57,704 - workout_processor - INFO - Creating GIF: 01_arm_swings_01.gif
2025-02-12 17:40:04,116 - workout_processor - INFO - Creating GIF: 01_arm_swings_02.gif
2025-02-12 17:40:12,846 - workout_processor - INFO - Creating GIF: 02_goblet_squats_01.gif
2025-02-12 17:40:19,691 - workout_processor - INFO - Creating GIF: 02_goblet_squats_02.gif
2025-02-12 17:40:29,482 - workout_processor - INFO - Creating GIF: 02_goblet_squats_03.gif
2025-02-12 17:40:38,682 - workout_processor - INFO - GIF generation completed
2025-02-12 18:05:09,472 - workout_processor - INFO - Starting workout video processing: temp/uploads/e2c314fb-ee2b-4392-ac3f-bdc94d97759b.MOV
2025-02-12 18:05:09,473 - workout_processor - INFO - Extracting audio from temp/uploads/e2c314fb-ee2b-4392-ac3f-bdc94d97759b.MOV
2025-02-12 18:05:12,271 - workout_processor - INFO - Audio saved to temp/audio.wav
2025-02-12 18:05:12,271 - workout_processor - INFO - Loading existing transcription from temp/transcript.json
2025-02-12 18:05:12,375 - workout_processor - INFO - Found 2 segments for 'arm swings'
2025-02-12 18:05:12,375 - workout_processor - INFO - Found 3 segments for 'goblet squats'
2025-02-12 18:05:12,375 - workout_processor - INFO - Found 1 segments for 'farmers carry'
2025-02-12 18:05:12,375 - workout_processor - INFO - Generating GIFs from temp/uploads/e2c314fb-ee2b-4392-ac3f-bdc94d97759b.MOV
2025-02-12 18:05:12,475 - workout_processor - INFO - Creating GIF: 01_arm_swings_01.gif
2025-02-12 18:05:25,527 - workout_processor - INFO - Creating GIF: 01_arm_swings_02.gif
2025-02-12 18:05:41,357 - workout_processor - INFO - Creating GIF: 02_goblet_squats_01.gif
2025-02-12 18:05:55,435 - workout_processor - INFO - Creating GIF: 02_goblet_squats_02.gif
2025-02-12 18:06:12,269 - workout_processor - INFO - Creating GIF: 02_goblet_squats_03.gif
2025-02-12 18:06:28,586 - workout_processor - INFO - Creating GIF: 03_farmers_carry_01.gif
2025-02-12 18:06:48,730 - workout_processor - INFO - GIF generation completed
2025-02-13 08:56:58,956 - workout_processor - INFO - Starting workout video processing: temp/uploads/09d71395-0ba5-4aae-9b51-96308ec365fd.MOV
2025-02-13 08:56:58,957 - workout_processor - INFO - Extracting audio from temp/uploads/09d71395-0ba5-4aae-9b51-96308ec365fd.MOV
2025-02-13 08:57:01,695 - workout_processor - INFO - Audio saved to temp/audio.wav
2025-02-13 08:57:01,695 - workout_processor - INFO - Loading existing transcription from temp/transcript.json
2025-02-13 08:57:01,731 - workout_processor - INFO - Found 2 segments for 'arm swings'
2025-02-13 08:57:01,731 - workout_processor - INFO - Generating GIFs from temp/uploads/09d71395-0ba5-4aae-9b51-96308ec365fd.MOV
2025-02-13 08:57:01,823 - workout_processor - INFO - Creating GIF: 01_arm_swings_01.gif
2025-02-13 08:57:14,599 - workout_processor - INFO - Creating GIF: 01_arm_swings_02.gif
2025-02-13 08:57:29,838 - workout_processor - INFO - GIF generation completed
2025-02-13 08:59:38,250 - workout_processor - INFO - Received download request for 1 GIFs
2025-02-13 08:59:38,250 - workout_processor - INFO - Processing GIF: http://127.0.0.1:8000/api/download/01_arm_swings_02.gif (start: 4.1, end: 10.0)
2025-02-13 08:59:38,250 - workout_processor - INFO - Extracted path: 01_arm_swings_02.gif
2025-02-13 08:59:39,198 - workout_processor - INFO - Original duration: 10.0, Trimming: 4.1 to 10.0
2025-02-13 08:59:39,198 - workout_processor - INFO - Adjusted times: 4.1 to 0.0
2025-02-13 08:59:45,488 - workout_processor - INFO - Added trimmed GIF to zip: 01_arm_swings_02.gif
2025-02-13 09:04:08,840 - workout_processor - INFO - Starting workout video processing: temp/uploads/caec022e-f75e-44a9-9df3-4f931917c310.MOV
2025-02-13 09:04:08,840 - workout_processor - INFO - Extracting audio from temp/uploads/caec022e-f75e-44a9-9df3-4f931917c310.MOV
2025-02-13 09:04:11,726 - workout_processor - INFO - Audio saved to temp/audio.wav
2025-02-13 09:04:11,726 - workout_processor - INFO - Loading existing transcription from temp/transcript.json
2025-02-13 09:04:11,861 - workout_processor - INFO - Found 2 segments for 'arm swings'
2025-02-13 09:04:11,861 - workout_processor - INFO - Found 3 segments for 'goblet squats'
2025-02-13 09:04:11,861 - workout_processor - INFO - Found 3 segments for 'chest press'
2025-02-13 09:04:11,861 - workout_processor - INFO - Found 1 segments for 'farmers carry'
2025-02-13 09:04:11,861 - workout_processor - INFO - Generating GIFs from temp/uploads/caec022e-f75e-44a9-9df3-4f931917c310.MOV
2025-02-13 09:04:11,984 - workout_processor - INFO - Creating GIF: 01_arm_swings_01.gif
2025-02-13 09:04:25,032 - workout_processor - INFO - Creating GIF: 01_arm_swings_02.gif
2025-02-13 09:04:40,572 - workout_processor - INFO - Creating GIF: 02_goblet_squats_01.gif
2025-02-13 09:04:54,474 - workout_processor - INFO - Creating GIF: 02_goblet_squats_02.gif
2025-02-13 09:05:11,237 - workout_processor - INFO - Creating GIF: 02_goblet_squats_03.gif
2025-02-13 09:05:27,493 - workout_processor - INFO - Creating GIF: 03_chest_press_01.gif
2025-02-13 09:05:41,195 - workout_processor - INFO - Creating GIF: 03_chest_press_02.gif
2025-02-13 09:05:55,219 - workout_processor - INFO - Creating GIF: 03_chest_press_03.gif
2025-02-13 09:06:14,449 - workout_processor - INFO - Creating GIF: 04_farmers_carry_01.gif
2025-02-13 09:06:34,641 - workout_processor - INFO - GIF generation completed
2025-02-13 09:08:45,885 - workout_processor - INFO - Received download request for 2 GIFs
2025-02-13 09:08:45,885 - workout_processor - INFO - Processing GIF: http://127.0.0.1:8000/api/download/01_arm_swings_02.gif (start: 4.4, end: 10.0)
2025-02-13 09:08:45,885 - workout_processor - INFO - Processing GIF: http://127.0.0.1:8000/api/download/02_goblet_squats_03.gif (start: 0.0, end: 10.0)
2025-02-13 09:08:45,887 - workout_processor - INFO - Extracted path: 01_arm_swings_02.gif
2025-02-13 09:08:46,837 - workout_processor - INFO - Original duration: 10.0, Trimming: 4.4 to 10.0
2025-02-13 09:08:46,837 - workout_processor - INFO - Adjusted times: 4.4 to 0.0
2025-02-13 09:08:53,128 - workout_processor - INFO - Added trimmed GIF to zip: 01_arm_swings_02.gif
2025-02-13 09:08:53,130 - workout_processor - INFO - Extracted path: 02_goblet_squats_03.gif
2025-02-13 09:08:54,122 - workout_processor - INFO - Original duration: 10.0, Trimming: 0.0 to 10.0
2025-02-13 09:08:54,122 - workout_processor - INFO - Adjusted times: 0.0 to 0.0
2025-02-13 09:09:04,762 - workout_processor - INFO - Added trimmed GIF to zip: 02_goblet_squats_03.gif
2025-02-13 09:10:09,479 - workout_processor - INFO - Starting workout video processing: temp/uploads/bcf77236-b792-494e-baa4-6985185f30d7.MOV
2025-02-13 09:10:09,479 - workout_processor - INFO - Extracting audio from temp/uploads/bcf77236-b792-494e-baa4-6985185f30d7.MOV
2025-02-13 09:10:12,326 - workout_processor - INFO - Audio saved to temp/audio.wav
2025-02-13 09:10:12,326 - workout_processor - INFO - Loading existing transcription from temp/transcript.json
2025-02-13 09:10:12,464 - workout_processor - INFO - Found 2 segments for 'arm swings'
2025-02-13 09:10:12,464 - workout_processor - INFO - Found 4 segments for 'chair squats'
2025-02-13 09:10:12,464 - workout_processor - INFO - Found 3 segments for 'goblet squat'
2025-02-13 09:10:12,464 - workout_processor - INFO - Found 3 segments for 'chest press'
2025-02-13 09:10:12,464 - workout_processor - INFO - Generating GIFs from temp/uploads/bcf77236-b792-494e-baa4-6985185f30d7.MOV
2025-02-13 09:10:12,573 - workout_processor - INFO - Creating GIF: 01_arm_swings_01.gif
2025-02-13 09:10:29,344 - workout_processor - INFO - Creating GIF: 01_arm_swings_02.gif
2025-02-13 09:10:48,836 - workout_processor - INFO - Creating GIF: 02_chair_squats_01.gif
2025-02-13 09:11:08,692 - workout_processor - INFO - Creating GIF: 02_chair_squats_02.gif
2025-02-13 09:11:27,168 - workout_processor - INFO - Creating GIF: 02_chair_squats_03.gif
2025-02-13 09:11:43,895 - workout_processor - INFO - Creating GIF: 02_chair_squats_04.gif
2025-02-13 09:12:01,427 - workout_processor - INFO - Creating GIF: 03_goblet_squat_01.gif
2025-02-13 09:12:19,493 - workout_processor - INFO - Creating GIF: 03_goblet_squat_02.gif
2025-02-13 09:12:39,812 - workout_processor - INFO - Creating GIF: 03_goblet_squat_03.gif
2025-02-13 09:12:59,779 - workout_processor - INFO - Creating GIF: 04_chest_press_01.gif
2025-02-13 09:13:17,042 - workout_processor - INFO - Creating GIF: 04_chest_press_02.gif
2025-02-13 09:13:34,783 - workout_processor - INFO - Creating GIF: 04_chest_press_03.gif
2025-02-13 09:13:57,635 - workout_processor - INFO - GIF generation completed
2025-02-13 09:18:49,648 - workout_processor - INFO - Received download request for 3 GIFs
2025-02-13 09:18:49,648 - workout_processor - INFO - Processing GIF: http://127.0.0.1:8000/api/download/01_arm_swings_02.gif (start: 4.0, end: 12.3)
2025-02-13 09:18:49,648 - workout_processor - INFO - Processing GIF: http://127.0.0.1:8000/api/download/03_goblet_squat_02.gif (start: 1.7, end: 12.6)
2025-02-13 09:18:49,648 - workout_processor - INFO - Processing GIF: http://127.0.0.1:8000/api/download/04_chest_press_03.gif (start: 9.0, end: 14.0)
2025-02-13 09:18:49,649 - workout_processor - INFO - Extracted path: 01_arm_swings_02.gif
2025-02-13 09:18:50,801 - workout_processor - INFO - Original duration: 12.3, Trimming: 4.0 to 12.3
2025-02-13 09:18:50,801 - workout_processor - INFO - Adjusted times: 4.0 to 0.0
2025-02-13 09:19:00,020 - workout_processor - INFO - Added trimmed GIF to zip: 01_arm_swings_02.gif
2025-02-13 09:19:00,021 - workout_processor - INFO - Extracted path: 03_goblet_squat_02.gif
2025-02-13 09:19:01,267 - workout_processor - INFO - Original duration: 12.6, Trimming: 1.7 to 12.6
2025-02-13 09:19:01,267 - workout_processor - INFO - Adjusted times: 1.7 to 0.0
2025-02-13 09:19:13,217 - workout_processor - INFO - Added trimmed GIF to zip: 03_goblet_squat_02.gif
2025-02-13 09:19:13,219 - workout_processor - INFO - Extracted path: 04_chest_press_03.gif
2025-02-13 09:19:14,620 - workout_processor - INFO - Original duration: 14.0, Trimming: 9.0 to 14.0
2025-02-13 09:19:14,620 - workout_processor - INFO - Adjusted times: 9.0 to 0.0
2025-02-13 09:19:20,939 - workout_processor - INFO - Added trimmed GIF to zip: 04_chest_press_03.gif
2025-02-13 09:21:42,285 - workout_processor - INFO - Starting workout video processing: temp/uploads/cde3e604-1441-48e8-99ae-a0aff29bc9de.MOV
2025-02-13 09:21:42,285 - workout_processor - INFO - Extracting audio from temp/uploads/cde3e604-1441-48e8-99ae-a0aff29bc9de.MOV
2025-02-13 09:21:45,134 - workout_processor - INFO - Audio saved to temp/audio.wav
2025-02-13 09:21:45,135 - workout_processor - INFO - Loading existing transcription from temp/transcript.json
2025-02-13 09:21:45,368 - workout_processor - INFO - Found 2 segments for 'arm swings'
2025-02-13 09:21:45,368 - workout_processor - INFO - Found 4 segments for 'chair squats'
2025-02-13 09:21:45,368 - workout_processor - INFO - Found 7 segments for 'roll down and roll up'
2025-02-13 09:21:45,368 - workout_processor - INFO - Found 3 segments for 'goblet squat'
2025-02-13 09:21:45,368 - workout_processor - INFO - Found 3 segments for 'chest press'
2025-02-13 09:21:45,368 - workout_processor - INFO - Found 4 segments for 'underhand row'
2025-02-13 09:21:45,368 - workout_processor - INFO - Found 1 segments for 'farmer's carry'
2025-02-13 09:21:45,368 - workout_processor - INFO - Generating GIFs from temp/uploads/cde3e604-1441-48e8-99ae-a0aff29bc9de.MOV
2025-02-13 09:21:45,465 - workout_processor - INFO - Creating GIF: 01_arm_swings_01.gif
2025-02-13 09:22:03,394 - workout_processor - INFO - Creating GIF: 01_arm_swings_02.gif
2025-02-13 09:22:24,068 - workout_processor - INFO - Creating GIF: 02_chair_squats_01.gif
2025-02-13 09:22:44,991 - workout_processor - INFO - Creating GIF: 02_chair_squats_02.gif
2025-02-13 09:23:04,813 - workout_processor - INFO - Creating GIF: 02_chair_squats_03.gif
2025-02-13 09:23:22,868 - workout_processor - INFO - Creating GIF: 02_chair_squats_04.gif
2025-02-13 09:23:41,339 - workout_processor - INFO - Creating GIF: 03_roll_down_and_roll_up_01.gif
2025-02-13 09:23:59,091 - workout_processor - INFO - Creating GIF: 03_roll_down_and_roll_up_02.gif
2025-02-13 09:24:19,645 - workout_processor - INFO - Creating GIF: 03_roll_down_and_roll_up_03.gif
2025-02-13 09:24:41,489 - workout_processor - INFO - Creating GIF: 03_roll_down_and_roll_up_04.gif
2025-02-13 09:25:03,512 - workout_processor - INFO - Creating GIF: 03_roll_down_and_roll_up_05.gif
2025-02-13 09:25:26,868 - workout_processor - INFO - Creating GIF: 03_roll_down_and_roll_up_06.gif
2025-02-13 09:25:44,385 - workout_processor - INFO - Creating GIF: 03_roll_down_and_roll_up_07.gif
2025-02-13 09:26:07,025 - workout_processor - INFO - Creating GIF: 04_goblet_squat_01.gif
2025-02-13 09:26:26,009 - workout_processor - INFO - Creating GIF: 04_goblet_squat_02.gif
2025-02-13 09:26:47,987 - workout_processor - INFO - Creating GIF: 04_goblet_squat_03.gif
2025-02-13 09:27:09,222 - workout_processor - INFO - Creating GIF: 05_chest_press_01.gif
2025-02-13 09:27:27,923 - workout_processor - INFO - Creating GIF: 05_chest_press_02.gif
2025-02-13 09:27:46,695 - workout_processor - INFO - Creating GIF: 05_chest_press_03.gif
2025-02-13 09:28:11,280 - workout_processor - INFO - Creating GIF: 06_underhand_row_01.gif
2025-02-13 09:28:31,495 - workout_processor - INFO - Creating GIF: 06_underhand_row_02.gif
2025-02-13 09:28:56,989 - workout_processor - INFO - Creating GIF: 06_underhand_row_03.gif
2025-02-13 09:29:23,438 - workout_processor - INFO - Creating GIF: 06_underhand_row_04.gif
2025-02-13 09:29:44,340 - workout_processor - INFO - Creating GIF: 07_farmer's_carry_01.gif
2025-02-13 09:30:09,608 - workout_processor - INFO - GIF generation completed
2025-02-13 10:00:34,733 - workout_processor - INFO - Starting workout video processing: temp/uploads/d1812ae2-56ec-4cd7-b047-f2120feb01a6.MOV
2025-02-13 10:00:34,734 - workout_processor - INFO - Extracting audio from temp/uploads/d1812ae2-56ec-4cd7-b047-f2120feb01a6.MOV
2025-02-13 10:00:37,641 - workout_processor - INFO - Audio saved to temp/audio.wav
2025-02-13 10:00:37,641 - workout_processor - INFO - Loading existing transcription from temp/transcript.json
2025-02-13 10:00:37,678 - workout_processor - INFO - Found 2 segments for 'arm swings'
2025-02-13 10:00:37,679 - workout_processor - INFO - Generating GIFs from temp/uploads/d1812ae2-56ec-4cd7-b047-f2120feb01a6.MOV
2025-02-13 10:00:37,773 - workout_processor - INFO - Creating GIF: 01_arm_swings_01.gif
2025-02-13 10:00:55,898 - workout_processor - INFO - Creating GIF: 01_arm_swings_02.gif
2025-02-13 10:01:16,710 - workout_processor - INFO - GIF generation completed
2025-02-13 10:31:20,919 - workout_processor - INFO - Starting workout video processing: temp/uploads/01517bb5-b7cc-49b8-bee6-16633108a5d7.MOV
2025-02-13 10:31:20,919 - workout_processor - INFO - Extracting audio from temp/uploads/01517bb5-b7cc-49b8-bee6-16633108a5d7.MOV
2025-02-13 10:31:23,800 - workout_processor - INFO - Audio saved to temp/audio.wav
2025-02-13 10:31:23,800 - workout_processor - INFO - Loading existing transcription from temp/transcript.json
2025-02-13 10:31:23,838 - workout_processor - INFO - Found 2 segments for 'arm swings'
2025-02-13 10:31:23,838 - workout_processor - INFO - Generating GIFs from temp/uploads/01517bb5-b7cc-49b8-bee6-16633108a5d7.MOV
2025-02-13 10:31:23,934 - workout_processor - INFO - Creating GIF: 01_arm_swings_01.gif
2025-02-13 10:31:42,022 - workout_processor - INFO - Creating GIF: 01_arm_swings_02.gif
2025-02-13 10:32:02,568 - workout_processor - INFO - GIF generation completed
2025-02-13 10:32:32,321 - workout_processor - INFO - Received download request for 1 GIFs
2025-02-13 10:32:32,321 - workout_processor - INFO - Processing GIF: http://127.0.0.1:8000/api/download/01_arm_swings_02.gif (start: 5.5, end: 13.0)
2025-02-13 10:32:32,322 - workout_processor - INFO - Extracted path: 01_arm_swings_02.gif
2025-02-13 10:32:33,581 - workout_processor - INFO - Original duration: 13.0, Trimming: 5.5 to 13.0
2025-02-13 10:32:33,582 - workout_processor - INFO - Adjusted times: 5.5 to 0.0
2025-02-13 10:32:41,935 - workout_processor - INFO - Added trimmed GIF to zip: 01_arm_swings_02.gif
2025-02-13 10:33:27,936 - workout_processor - INFO - Starting workout video processing: temp/uploads/b09e9860-e522-42fd-a27a-f23956189fd9.MOV
2025-02-13 10:33:27,936 - workout_processor - INFO - Extracting audio from temp/uploads/b09e9860-e522-42fd-a27a-f23956189fd9.MOV
2025-02-13 10:33:31,076 - workout_processor - INFO - Audio saved to temp/audio.wav
2025-02-13 10:33:31,076 - workout_processor - INFO - Loading existing transcription from temp/transcript.json
2025-02-13 10:33:31,148 - workout_processor - INFO - Found 2 segments for 'arm swings'
2025-02-13 10:33:31,148 - workout_processor - INFO - Found 3 segments for 'goblet squat'
2025-02-13 10:33:31,148 - workout_processor - INFO - Generating GIFs from temp/uploads/b09e9860-e522-42fd-a27a-f23956189fd9.MOV
2025-02-13 10:33:31,271 - workout_processor - INFO - Creating GIF: 01_arm_swings_01.gif
2025-02-13 10:33:49,441 - workout_processor - INFO - Creating GIF: 01_arm_swings_02.gif
2025-02-13 10:34:10,128 - workout_processor - INFO - Creating GIF: 02_goblet_squat_01.gif
2025-02-13 10:34:29,060 - workout_processor - INFO - Creating GIF: 02_goblet_squat_02.gif
2025-02-13 10:34:51,009 - workout_processor - INFO - Creating GIF: 02_goblet_squat_03.gif
2025-02-13 10:35:12,202 - workout_processor - INFO - GIF generation completed
2025-02-13 10:35:20,874 - workout_processor - INFO - Received download request for 4 GIFs
2025-02-13 10:35:20,874 - workout_processor - INFO - Processing GIF: http://127.0.0.1:8000/api/download/01_arm_swings_01.gif (start: 0.0, end: 11.5)
2025-02-13 10:35:20,874 - workout_processor - INFO - Processing GIF: http://127.0.0.1:8000/api/download/01_arm_swings_02.gif (start: 0.0, end: 13.0)
2025-02-13 10:35:20,874 - workout_processor - INFO - Processing GIF: http://127.0.0.1:8000/api/download/02_goblet_squat_01.gif (start: 0.0, end: 11.6)
2025-02-13 10:35:20,874 - workout_processor - INFO - Processing GIF: http://127.0.0.1:8000/api/download/02_goblet_squat_02.gif (start: 0.0, end: 1.0)
2025-02-13 10:35:20,875 - workout_processor - INFO - Extracted path: 01_arm_swings_01.gif
2025-02-13 10:35:22,025 - workout_processor - INFO - Original duration: 11.5, Trimming: 0.0 to 11.5
2025-02-13 10:35:22,026 - workout_processor - INFO - Adjusted times: 0.0 to 0.0
2025-02-13 10:35:34,133 - workout_processor - INFO - Added trimmed GIF to zip: 01_arm_swings_01.gif
2025-02-13 10:35:34,135 - workout_processor - INFO - Extracted path: 01_arm_swings_02.gif
2025-02-13 10:35:35,406 - workout_processor - INFO - Original duration: 13.0, Trimming: 0.0 to 13.0
2025-02-13 10:35:35,406 - workout_processor - INFO - Adjusted times: 0.0 to 0.0
2025-02-13 10:35:49,035 - workout_processor - INFO - Added trimmed GIF to zip: 01_arm_swings_02.gif
2025-02-13 10:35:49,037 - workout_processor - INFO - Extracted path: 02_goblet_squat_01.gif
2025-02-13 10:35:50,211 - workout_processor - INFO - Original duration: 11.6, Trimming: 0.0 to 11.6
2025-02-13 10:35:50,212 - workout_processor - INFO - Adjusted times: 0.0 to 0.0
2025-02-13 10:36:02,560 - workout_processor - INFO - Added trimmed GIF to zip: 02_goblet_squat_01.gif
2025-02-13 10:36:02,562 - workout_processor - INFO - Extracted path: 02_goblet_squat_02.gif
2025-02-13 10:36:03,896 - workout_processor - INFO - Original duration: 13.4, Trimming: 0.0 to 1.0
2025-02-13 10:36:03,896 - workout_processor - INFO - Adjusted times: 0.0 to 1.0
2025-02-13 10:36:05,105 - workout_processor - INFO - Added trimmed GIF to zip: 02_goblet_squat_02.gif
